<?xml version="1.0" encoding="UTF-8"?>
<testsuites name="Selecting How to Start the Free Account - Visible and Silent" time="123.626" tests="4" failures="0" errors="0">
   <testsuite name="Selecting How to Start the Free Account - Visible and Silent" tests="4" failures="0" errors="0" time="123.626" timestamp="2020-03-19 14:30:20" hostname="payalchoksey - payals-air" id="Test Suites/TD2/Registration and Onboarding/Selecting How to Start the Free Account - Visible and Silent">
      <properties>
         <property name="deviceName" value=""/>
         <property name="devicePlatform" value=""/>
         <property name="logFolder" value="/Users/payalchoksey/Desktop/TD2 - Till CC/Reports/20200319_143016/TD2/Registration and Onboarding/Selecting How to Start the Free Account - Visible and Silent/20200319_143016"/>
         <property name="logFiles" value="/Users/payalchoksey/Desktop/TD2 - Till CC/Reports/20200319_143016/TD2/Registration and Onboarding/Selecting How to Start the Free Account - Visible and Silent/20200319_143016/execution0.log"/>
         <property name="attachments" value=""/>
         <property name="hostName" value="payalchoksey - payals-air"/>
         <property name="os" value="Mac OS X 64bit"/>
         <property name="katalonVersion" value="7.2.1.1"/>
         <property name="browser" value="Chrome 80.0.3987.149"/>
         <property name="hostAddress" value="192.168.1.7"/>
         <property name="sessionId" value="cb4e4675b67c6defc41836ce4744b2d9"/>
         <property name="seleniumVersion" value="3.141.59"/>
         <property name="proxyInformation" value="ProxyInformation{proxyOption=NO_PROXY, proxyServerType=HTTP, password=, proxyServerAddress=, proxyServerPort=0, executionList=}"/>
         <property name="platform" value="Mac OS X"/>
      </properties>
      <testcase name="Test Cases/TD2/General/Opening Signup Browser" time="8.947" classname="Test Cases/TD2/General/Opening Signup Browser" status="PASSED">
         <system-out><![CDATA[2020-03-19 14:30:21 - [TEST_CASE][PASSED] - Test Cases/TD2/General/Opening Signup Browser: Test Cases/TD2/General/Opening Signup Browser

2020-03-19 14:30:21 - [TEST_STEP][PASSED] - openBrowser(""): Browser is opened with url: ''

2020-03-19 14:30:22 - [MESSAGE][INFO] - Starting 'Chrome' driver

2020-03-19 14:30:22 - [MESSAGE][INFO] - Action delay is set to 0 seconds

2020-03-19 14:30:25 - [MESSAGE][PASSED] - Browser is opened with url: ''

2020-03-19 14:30:25 - [TEST_STEP][PASSED] - navigateToUrl("www.timedoctor.com"): Navigate to 'http://www.timedoctor.com' successfully

2020-03-19 14:30:30 - [MESSAGE][PASSED] - Navigate to 'http://www.timedoctor.com' successfully

2020-03-19 14:30:30 - [TEST_STEP][PASSED] - maximizeWindow(): Current window maximized

2020-03-19 14:30:30 - [MESSAGE][PASSED] - Current window maximized]]></system-out>
         <system-err><![CDATA[]]></system-err>
      </testcase>
      <testcase name="Test Cases/TD2/Signup and OnBoarding/Select how to start the free account/Invite My Team/OnBoarding - Visible" time="23.779" classname="Test Cases/TD2/Signup and OnBoarding/Select how to start the free account/Invite My Team/OnBoarding - Visible" status="PASSED">
         <system-out><![CDATA[2020-03-19 14:30:30 - [TEST_CASE][PASSED] - Test Cases/TD2/Signup and OnBoarding/Select how to start the free account/Invite My Team/OnBoarding - Visible: Test Cases/TD2/Signup and OnBoarding/Select how to start the free account/Invite My Team/OnBoarding - Visible

2020-03-19 14:30:31 - [TEST_STEP][NOT_RUN] - openBrowser(""): NOT_RUN: openBrowser("")

2020-03-19 14:30:31 - [MESSAGE][NOT_RUN] - NOT_RUN: openBrowser("")

2020-03-19 14:30:31 - [TEST_STEP][NOT_RUN] - maximizeWindow(): NOT_RUN: maximizeWindow()

2020-03-19 14:30:31 - [MESSAGE][NOT_RUN] - NOT_RUN: maximizeWindow()

2020-03-19 14:30:31 - [TEST_STEP][NOT_RUN] - navigateToUrl("www.timedoctor.com"): NOT_RUN: navigateToUrl("www.timedoctor.com")

2020-03-19 14:30:31 - [MESSAGE][NOT_RUN] - NOT_RUN: navigateToUrl("www.timedoctor.com")

2020-03-19 14:30:31 - [TEST_STEP][NOT_RUN] - if (verifyElementPresent(findTestObject("TD2/Registration and Onboarding/Page_Registration/WebsiteVersion"), 10, OPTIONAL)): NOT_RUN: if (verifyElementPresent(findTestObject("TD2/Registration and Onboarding/Page_Registration/WebsiteVersion"), 10, OPTIONAL))

2020-03-19 14:30:31 - [MESSAGE][NOT_RUN] - NOT_RUN: if (verifyElementPresent(findTestObject("TD2/Registration and Onboarding/Page_Registration/WebsiteVersion"), 10, OPTIONAL))

2020-03-19 14:30:31 - [TEST_STEP][PASSED] - if (verifyElementPresent(findTestObject("TD2/Registration and Onboarding/Page_Registration/ButtonYes"), 10, OPTIONAL)): null

2020-03-19 14:30:32 - [MESSAGE][PASSED] - Object 'Object Repository/TD2/Registration and Onboarding/Page_Registration/ButtonYes' is present

2020-03-19 14:30:32 - [TEST_STEP][PASSED] - click(findTestObject("TD2/Registration and Onboarding/Page_Registration/ButtonYes")): Object: 'Object Repository/TD2/Registration and Onboarding/Page_Registration/ButtonYes' is clicked on

2020-03-19 14:30:33 - [MESSAGE][PASSED] - Object: 'Object Repository/TD2/Registration and Onboarding/Page_Registration/ButtonYes' is clicked on

2020-03-19 14:30:33 - [TEST_STEP][PASSED] - click(findTestObject("TD2/Registration and Onboarding/Page_Registration/ButtonYes2")): Object: 'Object Repository/TD2/Registration and Onboarding/Page_Registration/ButtonYes2' is clicked on

2020-03-19 14:30:33 - [MESSAGE][PASSED] - Object: 'Object Repository/TD2/Registration and Onboarding/Page_Registration/ButtonYes2' is clicked on

2020-03-19 14:30:33 - [TEST_STEP][PASSED] - click(findTestObject("TD2/Registration and Onboarding/Page_Registration/ButtonYes3")): Object: 'Object Repository/TD2/Registration and Onboarding/Page_Registration/ButtonYes3' is clicked on

2020-03-19 14:30:34 - [MESSAGE][PASSED] - Object: 'Object Repository/TD2/Registration and Onboarding/Page_Registration/ButtonYes3' is clicked on

2020-03-19 14:30:34 - [TEST_STEP][PASSED] - click(findTestObject("TD2/Registration and Onboarding/Page_Onboarding/InvitemyTeam")): Object: 'Object Repository/TD2/Registration and Onboarding/Page_Onboarding/InvitemyTeam' is clicked on

2020-03-19 14:30:35 - [MESSAGE][PASSED] - Object: 'Object Repository/TD2/Registration and Onboarding/Page_Onboarding/InvitemyTeam' is clicked on

2020-03-19 14:30:35 - [TEST_STEP][PASSED] - click(findTestObject("TD2/Registration and Onboarding/Page_Registration/ButtonContinue")): Object: 'Object Repository/TD2/Registration and Onboarding/Page_Registration/ButtonContinue' is clicked on

2020-03-19 14:30:35 - [MESSAGE][PASSED] - Object: 'Object Repository/TD2/Registration and Onboarding/Page_Registration/ButtonContinue' is clicked on

2020-03-19 14:30:35 - [TEST_STEP][PASSED] - setText(findTestObject("TD2/Registration and Onboarding/Page_Registration/InputName"), "Payal"): Text 'Payal' is set on object 'Object Repository/TD2/Registration and Onboarding/Page_Registration/InputName'

2020-03-19 14:30:36 - [MESSAGE][PASSED] - Text 'Payal' is set on object 'Object Repository/TD2/Registration and Onboarding/Page_Registration/InputName'

2020-03-19 14:30:36 - [TEST_STEP][PASSED] - driver = getWebDriver(): null

2020-03-19 14:30:36 - [TEST_STEP][PASSED] - emailAddress = "payal+" + getDateTime() + "@timedoctor.com": null

2020-03-19 14:30:36 - [TEST_STEP][PASSED] - nowDateTime = new java.text.SimpleDateFormat(yyMMddHHmmss): null

2020-03-19 14:30:36 - [TEST_STEP][PASSED] - now = new java.util.Date(): null

2020-03-19 14:30:36 - [TEST_STEP][PASSED] - strDate = nowDateTime.format(now): null

2020-03-19 14:30:36 - [TEST_STEP][PASSED] - return strDate: NOT_RUN: click(findTestObject("TD2/Registration and Onboarding/Page_Onboarding/ButtonLogout"))

2020-03-19 14:30:36 - [TEST_STEP][PASSED] - waitForElementVisible(findTestObject("TD2/Registration and Onboarding/Page_Registration/InputCompanyEmail"), 10): Object 'Object Repository/TD2/Registration and Onboarding/Page_Registration/InputCompanyEmail' is visible

2020-03-19 14:30:37 - [MESSAGE][PASSED] - Object 'Object Repository/TD2/Registration and Onboarding/Page_Registration/InputCompanyEmail' is visible

2020-03-19 14:30:37 - [TEST_STEP][PASSED] - setText(findTestObject("TD2/Registration and Onboarding/Page_Registration/InputCompanyEmail"), emailAddress): Text 'payal+200319143036@timedoctor.com' is set on object 'Object Repository/TD2/Registration and Onboarding/Page_Registration/InputCompanyEmail'

2020-03-19 14:30:38 - [MESSAGE][PASSED] - Text 'payal+200319143036@timedoctor.com' is set on object 'Object Repository/TD2/Registration and Onboarding/Page_Registration/InputCompanyEmail'

2020-03-19 14:30:38 - [TEST_STEP][PASSED] - setEncryptedText(findTestObject("TD2/Registration and Onboarding/Page_Registration/InputPassword"), "Px/nOzMEHWxU8lgHigNsmA=="): Text ****** has been set on object 'Object Repository/TD2/Registration and Onboarding/Page_Registration/InputPassword'

2020-03-19 14:30:38 - [MESSAGE][PASSED] - Text ****** has been set on object 'Object Repository/TD2/Registration and Onboarding/Page_Registration/InputPassword'

2020-03-19 14:30:38 - [TEST_STEP][PASSED] - click(findTestObject("TD2/Registration and Onboarding/Page_Registration/ButtonTestItOut")): Object: 'Object Repository/TD2/Registration and Onboarding/Page_Registration/ButtonTestItOut' is clicked on

2020-03-19 14:30:39 - [MESSAGE][PASSED] - Object: 'Object Repository/TD2/Registration and Onboarding/Page_Registration/ButtonTestItOut' is clicked on

2020-03-19 14:30:39 - [TEST_STEP][PASSED] - click(findTestObject("TD2/Registration and Onboarding/Page_Onboarding/span_No I like paying")): Object: 'Object Repository/TD2/Registration and Onboarding/Page_Onboarding/span_No I like paying' is clicked on

2020-03-19 14:30:53 - [MESSAGE][PASSED] - Object: 'Object Repository/TD2/Registration and Onboarding/Page_Onboarding/span_No I like paying' is clicked on

2020-03-19 14:30:53 - [TEST_STEP][NOT_RUN] - if (verifyElementPresent(findTestObject("TD2/Registration and Onboarding/Page_Onboarding/Company Name"), 10, OPTIONAL)): NOT_RUN: if (verifyElementPresent(findTestObject("TD2/Registration and Onboarding/Page_Onboarding/Company Name"), 10, OPTIONAL))

2020-03-19 14:30:53 - [MESSAGE][NOT_RUN] - NOT_RUN: if (verifyElementPresent(findTestObject("TD2/Registration and Onboarding/Page_Onboarding/Company Name"), 10, OPTIONAL))

2020-03-19 14:30:53 - [TEST_STEP][NOT_RUN] - click(findTestObject("TD2/Registration and Onboarding/Page_Onboarding/span_Next")): NOT_RUN: click(findTestObject("TD2/Registration and Onboarding/Page_Onboarding/span_Next"))

2020-03-19 14:30:53 - [MESSAGE][NOT_RUN] - NOT_RUN: click(findTestObject("TD2/Registration and Onboarding/Page_Onboarding/span_Next"))

2020-03-19 14:30:53 - [TEST_STEP][NOT_RUN] - click(findTestObject("TD2/Registration and Onboarding/Page_Onboarding/Next - Set up your Account")): NOT_RUN: click(findTestObject("TD2/Registration and Onboarding/Page_Onboarding/Next - Set up your Account"))

2020-03-19 14:30:53 - [MESSAGE][NOT_RUN] - NOT_RUN: click(findTestObject("TD2/Registration and Onboarding/Page_Onboarding/Next - Set up your Account"))

2020-03-19 14:30:53 - [TEST_STEP][NOT_RUN] - click(findTestObject("TD2/Registration and Onboarding/Page_Onboarding/I dont have team")): NOT_RUN: click(findTestObject("TD2/Registration and Onboarding/Page_Onboarding/I dont have team"))

2020-03-19 14:30:53 - [MESSAGE][NOT_RUN] - NOT_RUN: click(findTestObject("TD2/Registration and Onboarding/Page_Onboarding/I dont have team"))

2020-03-19 14:30:53 - [TEST_STEP][NOT_RUN] - click(findTestObject("TD2/Registration and Onboarding/Page_Onboarding/Submit - Invite")): NOT_RUN: click(findTestObject("TD2/Registration and Onboarding/Page_Onboarding/Submit - Invite"))

2020-03-19 14:30:53 - [MESSAGE][NOT_RUN] - NOT_RUN: click(findTestObject("TD2/Registration and Onboarding/Page_Onboarding/Submit - Invite"))

2020-03-19 14:30:53 - [TEST_STEP][NOT_RUN] - click(findTestObject("TD2/Registration and Onboarding/Page_Onboarding/ButtonUserMenu")): NOT_RUN: click(findTestObject("TD2/Registration and Onboarding/Page_Onboarding/ButtonUserMenu"))

2020-03-19 14:30:53 - [MESSAGE][NOT_RUN] - NOT_RUN: click(findTestObject("TD2/Registration and Onboarding/Page_Onboarding/ButtonUserMenu"))

2020-03-19 14:30:53 - [TEST_STEP][NOT_RUN] - click(findTestObject("TD2/Registration and Onboarding/Page_Onboarding/ButtonLogout")): NOT_RUN: click(findTestObject("TD2/Registration and Onboarding/Page_Onboarding/ButtonLogout"))

2020-03-19 14:30:54 - [MESSAGE][NOT_RUN] - NOT_RUN: click(findTestObject("TD2/Registration and Onboarding/Page_Onboarding/ButtonLogout"))

2020-03-19 14:30:54 - [TEST_STEP][PASSED] - closeBrowser(): Browser is closed

2020-03-19 14:30:54 - [MESSAGE][PASSED] - Browser is closed]]></system-out>
         <system-err><![CDATA[]]></system-err>
      </testcase>
      <testcase name="Test Cases/TD2/General/Opening Signup Browser" time="7.866" classname="Test Cases/TD2/General/Opening Signup Browser" status="PASSED">
         <system-out><![CDATA[2020-03-19 14:30:54 - [TEST_CASE][PASSED] - Test Cases/TD2/General/Opening Signup Browser: Test Cases/TD2/General/Opening Signup Browser

2020-03-19 14:30:54 - [TEST_STEP][PASSED] - openBrowser(""): Browser is opened with url: ''

2020-03-19 14:30:54 - [MESSAGE][INFO] - Starting 'Chrome' driver

2020-03-19 14:30:56 - [MESSAGE][PASSED] - Browser is opened with url: ''

2020-03-19 14:30:56 - [TEST_STEP][PASSED] - navigateToUrl("www.timedoctor.com"): Navigate to 'http://www.timedoctor.com' successfully

2020-03-19 14:31:01 - [MESSAGE][PASSED] - Navigate to 'http://www.timedoctor.com' successfully

2020-03-19 14:31:01 - [TEST_STEP][PASSED] - maximizeWindow(): Current window maximized

2020-03-19 14:31:02 - [MESSAGE][PASSED] - Current window maximized]]></system-out>
         <system-err><![CDATA[]]></system-err>
      </testcase>
      <testcase name="Test Cases/TD2/Signup and OnBoarding/Registration With Different Options for Questions Asked/SignUP - Negative Testing" time="81.67" classname="Test Cases/TD2/Signup and OnBoarding/Registration With Different Options for Questions Asked/SignUP - Negative Testing" status="PASSED">
         <system-out><![CDATA[2020-03-19 14:31:02 - [TEST_CASE][PASSED] - Test Cases/TD2/Signup and OnBoarding/Registration With Different Options for Questions Asked/SignUP - Negative Testing: Test Cases/TD2/Signup and OnBoarding/Registration With Different Options for Questions Asked/SignUP - Negative Testing

2020-03-19 14:31:02 - [TEST_STEP][NOT_RUN] - openBrowser(""): NOT_RUN: openBrowser("")

2020-03-19 14:31:02 - [MESSAGE][NOT_RUN] - NOT_RUN: openBrowser("")

2020-03-19 14:31:02 - [TEST_STEP][NOT_RUN] - maximizeWindow(): NOT_RUN: maximizeWindow()

2020-03-19 14:31:02 - [MESSAGE][NOT_RUN] - NOT_RUN: maximizeWindow()

2020-03-19 14:31:02 - [TEST_STEP][NOT_RUN] - navigateToUrl("www.timedoctor.com"): NOT_RUN: navigateToUrl("www.timedoctor.com")

2020-03-19 14:31:02 - [MESSAGE][NOT_RUN] - NOT_RUN: navigateToUrl("www.timedoctor.com")

2020-03-19 14:31:02 - [TEST_STEP][NOT_RUN] - click(findTestObject("TD2/Registration and Onboarding/Page_Registration/Register Button")): NOT_RUN: click(findTestObject("TD2/Registration and Onboarding/Page_Registration/Register Button"))

2020-03-19 14:31:02 - [MESSAGE][NOT_RUN] - NOT_RUN: click(findTestObject("TD2/Registration and Onboarding/Page_Registration/Register Button"))

2020-03-19 14:31:02 - [TEST_STEP][NOT_RUN] - if (verifyElementPresent(findTestObject("TD2/Registration and Onboarding/Page_Registration/WebsiteVersion"), 10, OPTIONAL)): NOT_RUN: if (verifyElementPresent(findTestObject("TD2/Registration and Onboarding/Page_Registration/WebsiteVersion"), 10, OPTIONAL))

2020-03-19 14:31:02 - [MESSAGE][NOT_RUN] - NOT_RUN: if (verifyElementPresent(findTestObject("TD2/Registration and Onboarding/Page_Registration/WebsiteVersion"), 10, OPTIONAL))

2020-03-19 14:31:02 - [TEST_STEP][PASSED] - if (verifyElementPresent(findTestObject("TD2/Registration and Onboarding/Page_Registration/ButtonYes"), 10, OPTIONAL)): null

2020-03-19 14:31:04 - [MESSAGE][PASSED] - Object 'Object Repository/TD2/Registration and Onboarding/Page_Registration/ButtonYes' is present

2020-03-19 14:31:04 - [TEST_STEP][PASSED] - click(findTestObject("TD2/Registration and Onboarding/Page_Onboarding/ButtonNo")): Object: 'Object Repository/TD2/Registration and Onboarding/Page_Onboarding/ButtonNo' is clicked on

2020-03-19 14:31:04 - [MESSAGE][PASSED] - Object: 'Object Repository/TD2/Registration and Onboarding/Page_Onboarding/ButtonNo' is clicked on

2020-03-19 14:31:04 - [TEST_STEP][PASSED] - click(findTestObject("TD2/Registration and Onboarding/Page_Onboarding/ButtonNo1")): Object: 'Object Repository/TD2/Registration and Onboarding/Page_Onboarding/ButtonNo1' is clicked on

2020-03-19 14:31:05 - [MESSAGE][PASSED] - Object: 'Object Repository/TD2/Registration and Onboarding/Page_Onboarding/ButtonNo1' is clicked on

2020-03-19 14:31:05 - [TEST_STEP][PASSED] - click(findTestObject("TD2/Registration and Onboarding/Page_Onboarding/ButtonTryItFree")): Object: 'Object Repository/TD2/Registration and Onboarding/Page_Onboarding/ButtonTryItFree' is clicked on

2020-03-19 14:31:06 - [MESSAGE][PASSED] - Object: 'Object Repository/TD2/Registration and Onboarding/Page_Onboarding/ButtonTryItFree' is clicked on

2020-03-19 14:31:06 - [TEST_STEP][PASSED] - click(findTestObject("Object Repository/TD2/Registration and Onboarding/Negative Testing/Page_Smart Employee Time Tracking Software _adb7b6/button_Get Free Account Try It Out")): Object: 'Object Repository/TD2/Registration and Onboarding/Negative Testing/Page_Smart Employee Time Tracking Software _adb7b6/button_Get Free Account Try It Out' is clicked on

2020-03-19 14:31:07 - [MESSAGE][PASSED] - Object: 'Object Repository/TD2/Registration and Onboarding/Negative Testing/Page_Smart Employee Time Tracking Software _adb7b6/button_Get Free Account Try It Out' is clicked on

2020-03-19 14:31:07 - [TEST_STEP][PASSED] - verifyElementText(findTestObject("Object Repository/TD2/Registration and Onboarding/Negative Testing/Page_Smart Employee Time Tracking Software _adb7b6/div_Oops Name field should not be blank"), "Oops! Name field should not be blank."): Actual text and expected text of test object 'Object Repository/TD2/Registration and Onboarding/Negative Testing/Page_Smart Employee Time Tracking Software _adb7b6/div_Oops Name field should not be blank' are matched.

2020-03-19 14:31:17 - [MESSAGE][PASSED] - Actual text and expected text of test object 'Object Repository/TD2/Registration and Onboarding/Negative Testing/Page_Smart Employee Time Tracking Software _adb7b6/div_Oops Name field should not be blank' are matched.

2020-03-19 14:31:17 - [TEST_STEP][PASSED] - setText(findTestObject("Object Repository/TD2/Registration and Onboarding/Negative Testing/Page_Smart Employee Time Tracking Software _adb7b6/input_My name_name"), " "): Text ' ' is set on object 'Object Repository/TD2/Registration and Onboarding/Negative Testing/Page_Smart Employee Time Tracking Software _adb7b6/input_My name_name'

2020-03-19 14:31:17 - [MESSAGE][PASSED] - Text ' ' is set on object 'Object Repository/TD2/Registration and Onboarding/Negative Testing/Page_Smart Employee Time Tracking Software _adb7b6/input_My name_name'

2020-03-19 14:31:17 - [TEST_STEP][PASSED] - verifyElementText(findTestObject("Object Repository/TD2/Registration and Onboarding/Negative Testing/Page_Smart Employee Time Tracking Software _adb7b6/div_Oops Name field should not be blank"), "Oops! Name field should not be blank."): Actual text and expected text of test object 'Object Repository/TD2/Registration and Onboarding/Negative Testing/Page_Smart Employee Time Tracking Software _adb7b6/div_Oops Name field should not be blank' are matched.

2020-03-19 14:31:18 - [MESSAGE][PASSED] - Actual text and expected text of test object 'Object Repository/TD2/Registration and Onboarding/Negative Testing/Page_Smart Employee Time Tracking Software _adb7b6/div_Oops Name field should not be blank' are matched.

2020-03-19 14:31:18 - [TEST_STEP][PASSED] - setText(findTestObject("Object Repository/TD2/Registration and Onboarding/Negative Testing/Page_Smart Employee Time Tracking Software _adb7b6/input_My name_name"), "payal"): Text 'payal' is set on object 'Object Repository/TD2/Registration and Onboarding/Negative Testing/Page_Smart Employee Time Tracking Software _adb7b6/input_My name_name'

2020-03-19 14:31:19 - [MESSAGE][PASSED] - Text 'payal' is set on object 'Object Repository/TD2/Registration and Onboarding/Negative Testing/Page_Smart Employee Time Tracking Software _adb7b6/input_My name_name'

2020-03-19 14:31:19 - [TEST_STEP][PASSED] - setText(findTestObject("Object Repository/TD2/Registration and Onboarding/Negative Testing/Page_Smart Employee Time Tracking Software _adb7b6/input_Company email_email"), "payal"): Text 'payal' is set on object 'Object Repository/TD2/Registration and Onboarding/Negative Testing/Page_Smart Employee Time Tracking Software _adb7b6/input_Company email_email'

2020-03-19 14:31:19 - [MESSAGE][PASSED] - Text 'payal' is set on object 'Object Repository/TD2/Registration and Onboarding/Negative Testing/Page_Smart Employee Time Tracking Software _adb7b6/input_Company email_email'

2020-03-19 14:31:19 - [TEST_STEP][PASSED] - setEncryptedText(findTestObject("Object Repository/TD2/Registration and Onboarding/Negative Testing/Page_Smart Employee Time Tracking Software _adb7b6/input_Password_password"), "6AwaL659tt4="): Text ****** has been set on object 'Object Repository/TD2/Registration and Onboarding/Negative Testing/Page_Smart Employee Time Tracking Software _adb7b6/input_Password_password'

2020-03-19 14:31:20 - [MESSAGE][PASSED] - Text ****** has been set on object 'Object Repository/TD2/Registration and Onboarding/Negative Testing/Page_Smart Employee Time Tracking Software _adb7b6/input_Password_password'

2020-03-19 14:31:20 - [TEST_STEP][PASSED] - verifyElementText(findTestObject("Object Repository/TD2/Registration and Onboarding/Negative Testing/Page_Smart Employee Time Tracking Software _adb7b6/div_Please enter a valid email address"), "Please enter a valid email address!"): Actual text and expected text of test object 'Object Repository/TD2/Registration and Onboarding/Negative Testing/Page_Smart Employee Time Tracking Software _adb7b6/div_Please enter a valid email address' are matched.

2020-03-19 14:31:20 - [MESSAGE][PASSED] - Actual text and expected text of test object 'Object Repository/TD2/Registration and Onboarding/Negative Testing/Page_Smart Employee Time Tracking Software _adb7b6/div_Please enter a valid email address' are matched.

2020-03-19 14:31:20 - [TEST_STEP][PASSED] - click(findTestObject("Object Repository/TD2/Registration and Onboarding/Negative Testing/Page_Smart Employee Time Tracking Software _adb7b6/div_Enter a password of at least 6 characte_6901e9")): Object: 'Object Repository/TD2/Registration and Onboarding/Negative Testing/Page_Smart Employee Time Tracking Software _adb7b6/div_Enter a password of at least 6 characte_6901e9' is clicked on

2020-03-19 14:31:40 - [MESSAGE][PASSED] - Object: 'Object Repository/TD2/Registration and Onboarding/Negative Testing/Page_Smart Employee Time Tracking Software _adb7b6/div_Enter a password of at least 6 characte_6901e9' is clicked on

2020-03-19 14:31:40 - [TEST_STEP][PASSED] - setText(findTestObject("Object Repository/TD2/Registration and Onboarding/Negative Testing/Page_Smart Employee Time Tracking Software _adb7b6/input_Company email_email"), "payal+test"): Text 'payal+test' is set on object 'Object Repository/TD2/Registration and Onboarding/Negative Testing/Page_Smart Employee Time Tracking Software _adb7b6/input_Company email_email'

2020-03-19 14:31:41 - [MESSAGE][PASSED] - Text 'payal+test' is set on object 'Object Repository/TD2/Registration and Onboarding/Negative Testing/Page_Smart Employee Time Tracking Software _adb7b6/input_Company email_email'

2020-03-19 14:31:41 - [TEST_STEP][PASSED] - setEncryptedText(findTestObject("Object Repository/TD2/Registration and Onboarding/Negative Testing/Page_Smart Employee Time Tracking Software _adb7b6/input_Password_password"), "J7R4ejOak4Y="): Text ****** has been set on object 'Object Repository/TD2/Registration and Onboarding/Negative Testing/Page_Smart Employee Time Tracking Software _adb7b6/input_Password_password'

2020-03-19 14:31:42 - [MESSAGE][PASSED] - Text ****** has been set on object 'Object Repository/TD2/Registration and Onboarding/Negative Testing/Page_Smart Employee Time Tracking Software _adb7b6/input_Password_password'

2020-03-19 14:31:42 - [TEST_STEP][PASSED] - verifyElementText(findTestObject("Object Repository/TD2/Registration and Onboarding/Negative Testing/Page_Smart Employee Time Tracking Software _adb7b6/div_Please enter a valid email address"), "Please enter a valid email address!"): Actual text and expected text of test object 'Object Repository/TD2/Registration and Onboarding/Negative Testing/Page_Smart Employee Time Tracking Software _adb7b6/div_Please enter a valid email address' are matched.

2020-03-19 14:31:42 - [MESSAGE][PASSED] - Actual text and expected text of test object 'Object Repository/TD2/Registration and Onboarding/Negative Testing/Page_Smart Employee Time Tracking Software _adb7b6/div_Please enter a valid email address' are matched.

2020-03-19 14:31:42 - [TEST_STEP][PASSED] - verifyElementText(findTestObject("TD2/Registration and Onboarding/Negative Testing/Page_Smart Employee Time Tracking Software _adb7b6/div_Enter a password of at least 6 characte_6901e9"), "Enter a password of at least 6 characters. It may include numbers, letters or special characters such as $ or !. Spaces are not allowed."): Actual text and expected text of test object 'Object Repository/TD2/Registration and Onboarding/Negative Testing/Page_Smart Employee Time Tracking Software _adb7b6/div_Enter a password of at least 6 characte_6901e9' are matched.

2020-03-19 14:31:43 - [MESSAGE][PASSED] - Actual text and expected text of test object 'Object Repository/TD2/Registration and Onboarding/Negative Testing/Page_Smart Employee Time Tracking Software _adb7b6/div_Enter a password of at least 6 characte_6901e9' are matched.

2020-03-19 14:31:43 - [TEST_STEP][PASSED] - click(findTestObject("Object Repository/TD2/Registration and Onboarding/Negative Testing/Page_Smart Employee Time Tracking Software _adb7b6/button_Test It Out")): Object: 'Object Repository/TD2/Registration and Onboarding/Negative Testing/Page_Smart Employee Time Tracking Software _adb7b6/button_Test It Out' is clicked on

2020-03-19 14:31:43 - [MESSAGE][PASSED] - Object: 'Object Repository/TD2/Registration and Onboarding/Negative Testing/Page_Smart Employee Time Tracking Software _adb7b6/button_Test It Out' is clicked on

2020-03-19 14:31:43 - [TEST_STEP][PASSED] - verifyElementText(findTestObject("Object Repository/TD2/Registration and Onboarding/Negative Testing/Page_Smart Employee Time Tracking Software _adb7b6/div_Please enter a valid email address"), "Please enter a valid email address!"): Actual text and expected text of test object 'Object Repository/TD2/Registration and Onboarding/Negative Testing/Page_Smart Employee Time Tracking Software _adb7b6/div_Please enter a valid email address' are matched.

2020-03-19 14:31:44 - [MESSAGE][PASSED] - Actual text and expected text of test object 'Object Repository/TD2/Registration and Onboarding/Negative Testing/Page_Smart Employee Time Tracking Software _adb7b6/div_Please enter a valid email address' are matched.

2020-03-19 14:31:44 - [TEST_STEP][PASSED] - setText(findTestObject("Object Repository/TD2/Registration and Onboarding/Negative Testing/Page_Smart Employee Time Tracking Software _adb7b6/input_Company email_email"), "payal+test@"): Text 'payal+test@' is set on object 'Object Repository/TD2/Registration and Onboarding/Negative Testing/Page_Smart Employee Time Tracking Software _adb7b6/input_Company email_email'

2020-03-19 14:31:44 - [MESSAGE][PASSED] - Text 'payal+test@' is set on object 'Object Repository/TD2/Registration and Onboarding/Negative Testing/Page_Smart Employee Time Tracking Software _adb7b6/input_Company email_email'

2020-03-19 14:31:44 - [TEST_STEP][PASSED] - click(findTestObject("Object Repository/TD2/Registration and Onboarding/Negative Testing/Page_Smart Employee Time Tracking Software _adb7b6/button_Test It Out")): Object: 'Object Repository/TD2/Registration and Onboarding/Negative Testing/Page_Smart Employee Time Tracking Software _adb7b6/button_Test It Out' is clicked on

2020-03-19 14:31:45 - [MESSAGE][PASSED] - Object: 'Object Repository/TD2/Registration and Onboarding/Negative Testing/Page_Smart Employee Time Tracking Software _adb7b6/button_Test It Out' is clicked on

2020-03-19 14:31:45 - [TEST_STEP][PASSED] - verifyElementText(findTestObject("Object Repository/TD2/Registration and Onboarding/Negative Testing/Page_Smart Employee Time Tracking Software _adb7b6/div_Please enter a valid email address"), "Please enter a valid email address!"): Actual text and expected text of test object 'Object Repository/TD2/Registration and Onboarding/Negative Testing/Page_Smart Employee Time Tracking Software _adb7b6/div_Please enter a valid email address' are matched.

2020-03-19 14:31:50 - [MESSAGE][PASSED] - Actual text and expected text of test object 'Object Repository/TD2/Registration and Onboarding/Negative Testing/Page_Smart Employee Time Tracking Software _adb7b6/div_Please enter a valid email address' are matched.

2020-03-19 14:31:50 - [TEST_STEP][PASSED] - setText(findTestObject("Object Repository/TD2/Registration and Onboarding/Negative Testing/Page_Smart Employee Time Tracking Software _adb7b6/input_Company email_email"), "payal+test@timedoctor.com"): Text 'payal+test@timedoctor.com' is set on object 'Object Repository/TD2/Registration and Onboarding/Negative Testing/Page_Smart Employee Time Tracking Software _adb7b6/input_Company email_email'

2020-03-19 14:31:52 - [MESSAGE][PASSED] - Text 'payal+test@timedoctor.com' is set on object 'Object Repository/TD2/Registration and Onboarding/Negative Testing/Page_Smart Employee Time Tracking Software _adb7b6/input_Company email_email'

2020-03-19 14:31:52 - [TEST_STEP][PASSED] - click(findTestObject("Object Repository/TD2/Registration and Onboarding/Negative Testing/Page_Smart Employee Time Tracking Software _adb7b6/button_Test It Out")): Object: 'Object Repository/TD2/Registration and Onboarding/Negative Testing/Page_Smart Employee Time Tracking Software _adb7b6/button_Test It Out' is clicked on

2020-03-19 14:31:52 - [MESSAGE][PASSED] - Object: 'Object Repository/TD2/Registration and Onboarding/Negative Testing/Page_Smart Employee Time Tracking Software _adb7b6/button_Test It Out' is clicked on

2020-03-19 14:31:52 - [TEST_STEP][PASSED] - setEncryptedText(findTestObject("Object Repository/TD2/Registration and Onboarding/Negative Testing/Page_Smart Employee Time Tracking Software _adb7b6/input_Password_password"), "kbs23wq117C4z+7JL/PnBA=="): Text ****** has been set on object 'Object Repository/TD2/Registration and Onboarding/Negative Testing/Page_Smart Employee Time Tracking Software _adb7b6/input_Password_password'

2020-03-19 14:31:53 - [MESSAGE][PASSED] - Text ****** has been set on object 'Object Repository/TD2/Registration and Onboarding/Negative Testing/Page_Smart Employee Time Tracking Software _adb7b6/input_Password_password'

2020-03-19 14:31:53 - [TEST_STEP][PASSED] - click(findTestObject("Object Repository/TD2/Registration and Onboarding/Negative Testing/Page_Smart Employee Time Tracking Software _adb7b6/button_Test It Out")): Object: 'Object Repository/TD2/Registration and Onboarding/Negative Testing/Page_Smart Employee Time Tracking Software _adb7b6/button_Test It Out' is clicked on

2020-03-19 14:31:54 - [MESSAGE][PASSED] - Object: 'Object Repository/TD2/Registration and Onboarding/Negative Testing/Page_Smart Employee Time Tracking Software _adb7b6/button_Test It Out' is clicked on

2020-03-19 14:31:54 - [TEST_STEP][PASSED] - verifyElementText(findTestObject("Object Repository/TD2/Registration and Onboarding/Negative Testing/Page_Smart Employee Time Tracking Software _adb7b6/div_It looks like this account already exis_db7182"), "It looks like this account already exists in our system. Would you like to Sign In instead?"): Actual text and expected text of test object 'Object Repository/TD2/Registration and Onboarding/Negative Testing/Page_Smart Employee Time Tracking Software _adb7b6/div_It looks like this account already exis_db7182' are matched.

2020-03-19 14:31:55 - [MESSAGE][PASSED] - Actual text and expected text of test object 'Object Repository/TD2/Registration and Onboarding/Negative Testing/Page_Smart Employee Time Tracking Software _adb7b6/div_It looks like this account already exis_db7182' are matched.

2020-03-19 14:31:55 - [TEST_STEP][PASSED] - setText(findTestObject("Object Repository/TD2/Registration and Onboarding/Negative Testing/Page_Smart Employee Time Tracking Software _adb7b6/input_Company email_email"), "payal+test2@timedoctor.com"): Text 'payal+test2@timedoctor.com' is set on object 'Object Repository/TD2/Registration and Onboarding/Negative Testing/Page_Smart Employee Time Tracking Software _adb7b6/input_Company email_email'

2020-03-19 14:31:55 - [MESSAGE][PASSED] - Text 'payal+test2@timedoctor.com' is set on object 'Object Repository/TD2/Registration and Onboarding/Negative Testing/Page_Smart Employee Time Tracking Software _adb7b6/input_Company email_email'

2020-03-19 14:31:55 - [TEST_STEP][PASSED] - click(findTestObject("Object Repository/TD2/Registration and Onboarding/Negative Testing/Page_Smart Employee Time Tracking Software _adb7b6/button_Test It Out")): Object: 'Object Repository/TD2/Registration and Onboarding/Negative Testing/Page_Smart Employee Time Tracking Software _adb7b6/button_Test It Out' is clicked on

2020-03-19 14:31:56 - [MESSAGE][PASSED] - Object: 'Object Repository/TD2/Registration and Onboarding/Negative Testing/Page_Smart Employee Time Tracking Software _adb7b6/button_Test It Out' is clicked on

2020-03-19 14:31:56 - [TEST_STEP][PASSED] - driver = getWebDriver(): null

2020-03-19 14:31:56 - [TEST_STEP][PASSED] - emailAddress = "payal+" + getDateTime() + "@timedoctor.com": null

2020-03-19 14:31:56 - [TEST_STEP][PASSED] - nowDateTime = new java.text.SimpleDateFormat(yyMMddHHmmss): null

2020-03-19 14:31:56 - [TEST_STEP][PASSED] - now = new java.util.Date(): null

2020-03-19 14:31:56 - [TEST_STEP][PASSED] - strDate = nowDateTime.format(now): null

2020-03-19 14:31:56 - [TEST_STEP][PASSED] - return strDate: NOT_RUN: click(findTestObject("TD2/Registration and Onboarding/Page_Onboarding/ButtonLogout"))

2020-03-19 14:31:56 - [TEST_STEP][PASSED] - waitForElementVisible(findTestObject("TD2/Registration and Onboarding/Page_Registration/InputCompanyEmail"), 10): Object 'Object Repository/TD2/Registration and Onboarding/Page_Registration/InputCompanyEmail' is visible

2020-03-19 14:31:57 - [MESSAGE][PASSED] - Object 'Object Repository/TD2/Registration and Onboarding/Page_Registration/InputCompanyEmail' is visible

2020-03-19 14:31:57 - [TEST_STEP][PASSED] - setText(findTestObject("TD2/Registration and Onboarding/Page_Registration/InputCompanyEmail"), emailAddress): Text 'payal+200319143156@timedoctor.com' is set on object 'Object Repository/TD2/Registration and Onboarding/Page_Registration/InputCompanyEmail'

2020-03-19 14:31:58 - [MESSAGE][PASSED] - Text 'payal+200319143156@timedoctor.com' is set on object 'Object Repository/TD2/Registration and Onboarding/Page_Registration/InputCompanyEmail'

2020-03-19 14:31:58 - [TEST_STEP][PASSED] - setEncryptedText(findTestObject("TD2/Registration and Onboarding/Page_Registration/InputPassword"), "Px/nOzMEHWxU8lgHigNsmA=="): Text ****** has been set on object 'Object Repository/TD2/Registration and Onboarding/Page_Registration/InputPassword'

2020-03-19 14:31:59 - [MESSAGE][PASSED] - Text ****** has been set on object 'Object Repository/TD2/Registration and Onboarding/Page_Registration/InputPassword'

2020-03-19 14:31:59 - [TEST_STEP][PASSED] - click(findTestObject("TD2/Registration and Onboarding/Page_Registration/ButtonTestItOut")): Object: 'Object Repository/TD2/Registration and Onboarding/Page_Registration/ButtonTestItOut' is clicked on

2020-03-19 14:32:00 - [MESSAGE][PASSED] - Object: 'Object Repository/TD2/Registration and Onboarding/Page_Registration/ButtonTestItOut' is clicked on

2020-03-19 14:32:00 - [TEST_STEP][PASSED] - delay(5): Delayed 5 second(s)

2020-03-19 14:32:05 - [MESSAGE][PASSED] - Delayed 5 second(s)

2020-03-19 14:32:05 - [TEST_STEP][PASSED] - click(findTestObject("TD2/Registration and Onboarding/Registration/Registration - Negative/Page_12 - Team Dashboard/ButtonGet 100 account credit")): Object: 'Object Repository/TD2/Registration and Onboarding/Registration/Registration - Negative/Page_12 - Team Dashboard/ButtonGet 100 account credit' is clicked on

2020-03-19 14:32:13 - [MESSAGE][PASSED] - Object: 'Object Repository/TD2/Registration and Onboarding/Registration/Registration - Negative/Page_12 - Team Dashboard/ButtonGet 100 account credit' is clicked on

2020-03-19 14:32:13 - [TEST_STEP][NOT_RUN] - verifyElementText(findTestObject("TD2/Registration and Onboarding/Registration/Registration - Negative/Page_12 - Team Dashboard/TextPlease enter your card details"), "Please enter your card details."): NOT_RUN: verifyElementText(findTestObject("TD2/Registration and Onboarding/Registration/Registration - Negative/Page_12 - Team Dashboard/TextPlease enter your card details"), "Please enter your card details.")

2020-03-19 14:32:13 - [MESSAGE][NOT_RUN] - NOT_RUN: verifyElementText(findTestObject("TD2/Registration and Onboarding/Registration/Registration - Negative/Page_12 - Team Dashboard/TextPlease enter your card details"), "Please enter your card details.")

2020-03-19 14:32:13 - [TEST_STEP][PASSED] - setText(findTestObject("TD2/Registration and Onboarding/Registration/Registration - Negative/Page_12 - Team Dashboard/input_Name on Card_name"), "Payal Choksey"): Text 'Payal Choksey' is set on object 'Object Repository/TD2/Registration and Onboarding/Registration/Registration - Negative/Page_12 - Team Dashboard/input_Name on Card_name'

2020-03-19 14:32:15 - [MESSAGE][PASSED] - Text 'Payal Choksey' is set on object 'Object Repository/TD2/Registration and Onboarding/Registration/Registration - Negative/Page_12 - Team Dashboard/input_Name on Card_name'

2020-03-19 14:32:15 - [TEST_STEP][PASSED] - setText(findTestObject("TD2/Registration and Onboarding/Registration/Registration - Negative/Page_12 - Team Dashboard/input_Card Number_number"), "4242 4242 2424 4242 424"): Text '4242 4242 2424 4242 424' is set on object 'Object Repository/TD2/Registration and Onboarding/Registration/Registration - Negative/Page_12 - Team Dashboard/input_Card Number_number'

2020-03-19 14:32:16 - [MESSAGE][PASSED] - Text '4242 4242 2424 4242 424' is set on object 'Object Repository/TD2/Registration and Onboarding/Registration/Registration - Negative/Page_12 - Team Dashboard/input_Card Number_number'

2020-03-19 14:32:16 - [TEST_STEP][PASSED] - setText(findTestObject("TD2/Registration and Onboarding/Registration/Registration - Negative/Page_12 - Team Dashboard/input_Expiration_expiry"), "04/2022"): Text '04/2022' is set on object 'Object Repository/TD2/Registration and Onboarding/Registration/Registration - Negative/Page_12 - Team Dashboard/input_Expiration_expiry'

2020-03-19 14:32:16 - [MESSAGE][PASSED] - Text '04/2022' is set on object 'Object Repository/TD2/Registration and Onboarding/Registration/Registration - Negative/Page_12 - Team Dashboard/input_Expiration_expiry'

2020-03-19 14:32:16 - [TEST_STEP][PASSED] - setText(findTestObject("TD2/Registration and Onboarding/Registration/Registration - Negative/Page_12 - Team Dashboard/input_CVC_cvc"), "123"): Text '123' is set on object 'Object Repository/TD2/Registration and Onboarding/Registration/Registration - Negative/Page_12 - Team Dashboard/input_CVC_cvc'

2020-03-19 14:32:17 - [MESSAGE][PASSED] - Text '123' is set on object 'Object Repository/TD2/Registration and Onboarding/Registration/Registration - Negative/Page_12 - Team Dashboard/input_CVC_cvc'

2020-03-19 14:32:17 - [TEST_STEP][PASSED] - click(findTestObject("TD2/Registration and Onboarding/Registration/Registration - Negative/Page_12 - Team Dashboard/ButtonGet 100 account credit")): Object: 'Object Repository/TD2/Registration and Onboarding/Registration/Registration - Negative/Page_12 - Team Dashboard/ButtonGet 100 account credit' is clicked on

2020-03-19 14:32:18 - [MESSAGE][PASSED] - Object: 'Object Repository/TD2/Registration and Onboarding/Registration/Registration - Negative/Page_12 - Team Dashboard/ButtonGet 100 account credit' is clicked on

2020-03-19 14:32:18 - [TEST_STEP][PASSED] - delay(5): Delayed 5 second(s)

2020-03-19 14:32:23 - [MESSAGE][PASSED] - Delayed 5 second(s)

2020-03-19 14:32:23 - [TEST_STEP][NOT_RUN] - verifyElementText(findTestObject("TD2/Registration and Onboarding/Registration/Registration - Negative/Page_12 - Team Dashboard/TextSome error occurred Please check your c_f15526"), "Please enter a valid card number"): NOT_RUN: verifyElementText(findTestObject("TD2/Registration and Onboarding/Registration/Registration - Negative/Page_12 - Team Dashboard/TextSome error occurred Please check your c_f15526"), "Please enter a valid card number")

2020-03-19 14:32:23 - [MESSAGE][NOT_RUN] - NOT_RUN: verifyElementText(findTestObject("TD2/Registration and Onboarding/Registration/Registration - Negative/Page_12 - Team Dashboard/TextSome error occurred Please check your c_f15526"), "Please enter a valid card number")

2020-03-19 14:32:23 - [TEST_STEP][PASSED] - click(findTestObject("TD2/Registration and Onboarding/Registration/Registration - Negative/Page_12 - Team Dashboard/ButtonNo I like paying full price")): Object: 'Object Repository/TD2/Registration and Onboarding/Registration/Registration - Negative/Page_12 - Team Dashboard/ButtonNo I like paying full price' is clicked on

2020-03-19 14:32:23 - [MESSAGE][PASSED] - Object: 'Object Repository/TD2/Registration and Onboarding/Registration/Registration - Negative/Page_12 - Team Dashboard/ButtonNo I like paying full price' is clicked on

2020-03-19 14:32:23 - [TEST_STEP][NOT_RUN] - click(findTestObject("TD2/Registration and Onboarding/Page_Onboarding/span_No I like paying")): NOT_RUN: click(findTestObject("TD2/Registration and Onboarding/Page_Onboarding/span_No I like paying"))

2020-03-19 14:32:23 - [MESSAGE][NOT_RUN] - NOT_RUN: click(findTestObject("TD2/Registration and Onboarding/Page_Onboarding/span_No I like paying"))

2020-03-19 14:32:23 - [TEST_STEP][NOT_RUN] - if (verifyElementPresent(findTestObject("TD2/Registration and Onboarding/Page_Onboarding/Company Name"), 10, OPTIONAL)): NOT_RUN: if (verifyElementPresent(findTestObject("TD2/Registration and Onboarding/Page_Onboarding/Company Name"), 10, OPTIONAL))

2020-03-19 14:32:23 - [MESSAGE][NOT_RUN] - NOT_RUN: if (verifyElementPresent(findTestObject("TD2/Registration and Onboarding/Page_Onboarding/Company Name"), 10, OPTIONAL))

2020-03-19 14:32:23 - [TEST_STEP][NOT_RUN] - click(findTestObject("TD2/Registration and Onboarding/Page_Onboarding/Next2")): NOT_RUN: click(findTestObject("TD2/Registration and Onboarding/Page_Onboarding/Next2"))

2020-03-19 14:32:23 - [MESSAGE][NOT_RUN] - NOT_RUN: click(findTestObject("TD2/Registration and Onboarding/Page_Onboarding/Next2"))

2020-03-19 14:32:23 - [TEST_STEP][NOT_RUN] - click(findTestObject("TD2/Registration and Onboarding/Page_Onboarding/Next2")): NOT_RUN: click(findTestObject("TD2/Registration and Onboarding/Page_Onboarding/Next2"))

2020-03-19 14:32:23 - [MESSAGE][NOT_RUN] - NOT_RUN: click(findTestObject("TD2/Registration and Onboarding/Page_Onboarding/Next2"))

2020-03-19 14:32:23 - [TEST_STEP][NOT_RUN] - click(findTestObject("TD2/Registration and Onboarding/Page_Onboarding/span_Next")): NOT_RUN: click(findTestObject("TD2/Registration and Onboarding/Page_Onboarding/span_Next"))

2020-03-19 14:32:23 - [MESSAGE][NOT_RUN] - NOT_RUN: click(findTestObject("TD2/Registration and Onboarding/Page_Onboarding/span_Next"))

2020-03-19 14:32:23 - [TEST_STEP][NOT_RUN] - click(findTestObject("TD2/Registration and Onboarding/Page_Onboarding/Next - Set up your Account")): NOT_RUN: click(findTestObject("TD2/Registration and Onboarding/Page_Onboarding/Next - Set up your Account"))

2020-03-19 14:32:23 - [MESSAGE][NOT_RUN] - NOT_RUN: click(findTestObject("TD2/Registration and Onboarding/Page_Onboarding/Next - Set up your Account"))

2020-03-19 14:32:23 - [TEST_STEP][NOT_RUN] - click(findTestObject("TD2/Registration and Onboarding/Page_Onboarding/I dont have team")): NOT_RUN: click(findTestObject("TD2/Registration and Onboarding/Page_Onboarding/I dont have team"))

2020-03-19 14:32:23 - [MESSAGE][NOT_RUN] - NOT_RUN: click(findTestObject("TD2/Registration and Onboarding/Page_Onboarding/I dont have team"))

2020-03-19 14:32:23 - [TEST_STEP][NOT_RUN] - click(findTestObject("TD2/Registration and Onboarding/Page_Onboarding/Submit - Invite")): NOT_RUN: click(findTestObject("TD2/Registration and Onboarding/Page_Onboarding/Submit - Invite"))

2020-03-19 14:32:23 - [MESSAGE][NOT_RUN] - NOT_RUN: click(findTestObject("TD2/Registration and Onboarding/Page_Onboarding/Submit - Invite"))

2020-03-19 14:32:23 - [TEST_STEP][NOT_RUN] - click(findTestObject("TD2/Registration and Onboarding/Page_Onboarding/ButtonSkip")): NOT_RUN: click(findTestObject("TD2/Registration and Onboarding/Page_Onboarding/ButtonSkip"))

2020-03-19 14:32:23 - [MESSAGE][NOT_RUN] - NOT_RUN: click(findTestObject("TD2/Registration and Onboarding/Page_Onboarding/ButtonSkip"))

2020-03-19 14:32:23 - [TEST_STEP][NOT_RUN] - selectOptionByValue(findTestObject("TD2/Registration and Onboarding/Page_Onboarding/DropdownInvite"), "0", true): NOT_RUN: selectOptionByValue(findTestObject("TD2/Registration and Onboarding/Page_Onboarding/DropdownInvite"), "0", true)

2020-03-19 14:32:23 - [MESSAGE][NOT_RUN] - NOT_RUN: selectOptionByValue(findTestObject("TD2/Registration and Onboarding/Page_Onboarding/DropdownInvite"), "0", true)

2020-03-19 14:32:23 - [TEST_STEP][NOT_RUN] - click(findTestObject("TD2/Registration and Onboarding/Page_Onboarding/span_Submit")): NOT_RUN: click(findTestObject("TD2/Registration and Onboarding/Page_Onboarding/span_Submit"))

2020-03-19 14:32:23 - [MESSAGE][NOT_RUN] - NOT_RUN: click(findTestObject("TD2/Registration and Onboarding/Page_Onboarding/span_Submit"))

2020-03-19 14:32:23 - [TEST_STEP][NOT_RUN] - click(findTestObject("TD2/Registration and Onboarding/Page_Onboarding/ButtonUserMenu")): NOT_RUN: click(findTestObject("TD2/Registration and Onboarding/Page_Onboarding/ButtonUserMenu"))

2020-03-19 14:32:23 - [MESSAGE][NOT_RUN] - NOT_RUN: click(findTestObject("TD2/Registration and Onboarding/Page_Onboarding/ButtonUserMenu"))

2020-03-19 14:32:23 - [TEST_STEP][NOT_RUN] - click(findTestObject("TD2/Registration and Onboarding/Page_Onboarding/ButtonLogout")): NOT_RUN: click(findTestObject("TD2/Registration and Onboarding/Page_Onboarding/ButtonLogout"))

2020-03-19 14:32:23 - [MESSAGE][NOT_RUN] - NOT_RUN: click(findTestObject("TD2/Registration and Onboarding/Page_Onboarding/ButtonLogout"))

2020-03-19 14:32:23 - [TEST_STEP][PASSED] - closeBrowser(): Browser is closed

2020-03-19 14:32:23 - [MESSAGE][PASSED] - Browser is closed]]></system-out>
         <system-err><![CDATA[]]></system-err>
      </testcase>
      <system-out><![CDATA[2020-03-19 14:30:20 - [TEST_SUITE][PASSED] - Selecting How to Start the Free Account - Visible and Silent: Test Cases/TD2/Signup and OnBoarding/Registration With Different Options for Questions Asked/SignUP - Negative Testing]]></system-out>
      <system-err><![CDATA[]]></system-err>
   </testsuite>
</testsuites>
