<?xml version="1.0" encoding="UTF-8"?>
<testsuites name="Selecting How to Start the Free Account - Visible and Silent" time="53.245" tests="2" failures="0" errors="0">
   <testsuite name="Selecting How to Start the Free Account - Visible and Silent" tests="2" failures="0" errors="0" time="53.245" timestamp="2020-03-19 14:51:47" hostname="payalchoksey - payals-air" id="Test Suites/TD2/Registration and Onboarding/Selecting How to Start the Free Account - Visible and Silent">
      <properties>
         <property name="deviceName" value=""/>
         <property name="devicePlatform" value=""/>
         <property name="logFolder" value="/Users/payalchoksey/Desktop/TD2 - Till CC/Reports/20200319_145141/TD2/Registration and Onboarding/Selecting How to Start the Free Account - Visible and Silent/20200319_145141"/>
         <property name="logFiles" value="/Users/payalchoksey/Desktop/TD2 - Till CC/Reports/20200319_145141/TD2/Registration and Onboarding/Selecting How to Start the Free Account - Visible and Silent/20200319_145141/execution0.log"/>
         <property name="attachments" value=""/>
         <property name="hostName" value="payalchoksey - payals-air"/>
         <property name="os" value="Mac OS X 64bit"/>
         <property name="katalonVersion" value="7.2.1.1"/>
         <property name="browser" value="Chrome 80.0.3987.149"/>
         <property name="hostAddress" value="192.168.1.7"/>
         <property name="sessionId" value="21a24a0392a9d2e99f6689b33022a035"/>
         <property name="seleniumVersion" value="3.141.59"/>
         <property name="proxyInformation" value="ProxyInformation{proxyOption=NO_PROXY, proxyServerType=HTTP, password=, proxyServerAddress=, proxyServerPort=0, executionList=}"/>
         <property name="platform" value="Mac OS X"/>
      </properties>
      <testcase name="Test Cases/TD2/General/Opening Browser" time="18.551" classname="Test Cases/TD2/General/Opening Browser" status="PASSED">
         <system-out><![CDATA[2020-03-19 14:51:48 - [TEST_CASE][PASSED] - Test Cases/TD2/General/Opening Browser: Test Cases/TD2/General/Opening Browser

2020-03-19 14:51:48 - [TEST_STEP][PASSED] - openBrowser(""): Browser is opened with url: ''

2020-03-19 14:51:49 - [MESSAGE][INFO] - Starting 'Chrome' driver

2020-03-19 14:51:49 - [MESSAGE][INFO] - Action delay is set to 0 seconds

2020-03-19 14:51:55 - [MESSAGE][PASSED] - Browser is opened with url: ''

2020-03-19 14:51:55 - [TEST_STEP][PASSED] - navigateToUrl("https://2a.timedoctor.com"): Navigate to 'https://2a.timedoctor.com' successfully

2020-03-19 14:52:05 - [MESSAGE][PASSED] - Navigate to 'https://2a.timedoctor.com' successfully

2020-03-19 14:52:05 - [TEST_STEP][PASSED] - maximizeWindow(): Current window maximized

2020-03-19 14:52:06 - [MESSAGE][PASSED] - Current window maximized]]></system-out>
         <system-err><![CDATA[]]></system-err>
      </testcase>
      <testcase name="Test Cases/TD2/Signup and OnBoarding/Registration With Different Options for Questions Asked/Questions - Yes - Yes - Yes" time="33.192" classname="Test Cases/TD2/Signup and OnBoarding/Registration With Different Options for Questions Asked/Questions - Yes - Yes - Yes" status="PASSED">
         <system-out><![CDATA[2020-03-19 14:52:06 - [TEST_CASE][PASSED] - Test Cases/TD2/Signup and OnBoarding/Registration With Different Options for Questions Asked/Questions - Yes - Yes - Yes: Test Cases/TD2/Signup and OnBoarding/Registration With Different Options for Questions Asked/Questions - Yes - Yes - Yes

2020-03-19 14:52:07 - [TEST_STEP][NOT_RUN] - openBrowser(""): NOT_RUN: openBrowser("")

2020-03-19 14:52:07 - [MESSAGE][NOT_RUN] - NOT_RUN: openBrowser("")

2020-03-19 14:52:07 - [TEST_STEP][NOT_RUN] - maximizeWindow(): NOT_RUN: maximizeWindow()

2020-03-19 14:52:07 - [MESSAGE][NOT_RUN] - NOT_RUN: maximizeWindow()

2020-03-19 14:52:07 - [TEST_STEP][NOT_RUN] - navigateToUrl("www.timedoctor.com"): NOT_RUN: navigateToUrl("www.timedoctor.com")

2020-03-19 14:52:07 - [MESSAGE][NOT_RUN] - NOT_RUN: navigateToUrl("www.timedoctor.com")

2020-03-19 14:52:07 - [TEST_STEP][PASSED] - click(findTestObject("TD2/Registration and Onboarding/Page_Registration/Register Button")): Object: 'Object Repository/TD2/Registration and Onboarding/Page_Registration/Register Button' is clicked on

2020-03-19 14:52:13 - [MESSAGE][PASSED] - Object: 'Object Repository/TD2/Registration and Onboarding/Page_Registration/Register Button' is clicked on

2020-03-19 14:52:13 - [TEST_STEP][NOT_RUN] - if (verifyElementPresent(findTestObject("TD2/Registration and Onboarding/Page_Registration/WebsiteVersion"), 10, OPTIONAL)): NOT_RUN: if (verifyElementPresent(findTestObject("TD2/Registration and Onboarding/Page_Registration/WebsiteVersion"), 10, OPTIONAL))

2020-03-19 14:52:13 - [MESSAGE][NOT_RUN] - NOT_RUN: if (verifyElementPresent(findTestObject("TD2/Registration and Onboarding/Page_Registration/WebsiteVersion"), 10, OPTIONAL))

2020-03-19 14:52:13 - [TEST_STEP][PASSED] - if (verifyElementPresent(findTestObject("TD2/Registration and Onboarding/Page_Registration/ButtonYes"), 10, OPTIONAL)): null

2020-03-19 14:52:15 - [MESSAGE][PASSED] - Object 'Object Repository/TD2/Registration and Onboarding/Page_Registration/ButtonYes' is present

2020-03-19 14:52:15 - [TEST_STEP][PASSED] - click(findTestObject("TD2/Registration and Onboarding/Page_Registration/ButtonYes")): Object: 'Object Repository/TD2/Registration and Onboarding/Page_Registration/ButtonYes' is clicked on

2020-03-19 14:52:15 - [MESSAGE][PASSED] - Object: 'Object Repository/TD2/Registration and Onboarding/Page_Registration/ButtonYes' is clicked on

2020-03-19 14:52:15 - [TEST_STEP][PASSED] - click(findTestObject("TD2/Registration and Onboarding/Page_Registration/ButtonYes2")): Object: 'Object Repository/TD2/Registration and Onboarding/Page_Registration/ButtonYes2' is clicked on

2020-03-19 14:52:16 - [MESSAGE][PASSED] - Object: 'Object Repository/TD2/Registration and Onboarding/Page_Registration/ButtonYes2' is clicked on

2020-03-19 14:52:16 - [TEST_STEP][PASSED] - click(findTestObject("TD2/Registration and Onboarding/Page_Registration/ButtonYes3")): Object: 'Object Repository/TD2/Registration and Onboarding/Page_Registration/ButtonYes3' is clicked on

2020-03-19 14:52:17 - [MESSAGE][PASSED] - Object: 'Object Repository/TD2/Registration and Onboarding/Page_Registration/ButtonYes3' is clicked on

2020-03-19 14:52:17 - [TEST_STEP][PASSED] - click(findTestObject("TD2/Registration and Onboarding/Page_Registration/RadioAccountOption")): Object: 'Object Repository/TD2/Registration and Onboarding/Page_Registration/RadioAccountOption' is clicked on

2020-03-19 14:52:18 - [MESSAGE][PASSED] - Object: 'Object Repository/TD2/Registration and Onboarding/Page_Registration/RadioAccountOption' is clicked on

2020-03-19 14:52:18 - [TEST_STEP][NOT_RUN] - click(findTestObject("TD2/Registration and Onboarding/Page_Onboarding/RadioButtonVisible")): NOT_RUN: click(findTestObject("TD2/Registration and Onboarding/Page_Onboarding/RadioButtonVisible"))

2020-03-19 14:52:18 - [MESSAGE][NOT_RUN] - NOT_RUN: click(findTestObject("TD2/Registration and Onboarding/Page_Onboarding/RadioButtonVisible"))

2020-03-19 14:52:18 - [TEST_STEP][PASSED] - click(findTestObject("TD2/Registration and Onboarding/Page_Registration/ButtonContinue")): Object: 'Object Repository/TD2/Registration and Onboarding/Page_Registration/ButtonContinue' is clicked on

2020-03-19 14:52:18 - [MESSAGE][PASSED] - Object: 'Object Repository/TD2/Registration and Onboarding/Page_Registration/ButtonContinue' is clicked on

2020-03-19 14:52:18 - [TEST_STEP][PASSED] - setText(findTestObject("TD2/Registration and Onboarding/Page_Registration/InputName"), "Payal"): Text 'Payal' is set on object 'Object Repository/TD2/Registration and Onboarding/Page_Registration/InputName'

2020-03-19 14:52:19 - [MESSAGE][PASSED] - Text 'Payal' is set on object 'Object Repository/TD2/Registration and Onboarding/Page_Registration/InputName'

2020-03-19 14:52:19 - [TEST_STEP][PASSED] - driver = getWebDriver(): null

2020-03-19 14:52:19 - [TEST_STEP][PASSED] - emailAddress = "payal+" + getDateTime() + "@timedoctor.com": null

2020-03-19 14:52:19 - [TEST_STEP][PASSED] - nowDateTime = new java.text.SimpleDateFormat(yyMMddHHmmss): null

2020-03-19 14:52:19 - [TEST_STEP][PASSED] - now = new java.util.Date(): null

2020-03-19 14:52:19 - [TEST_STEP][PASSED] - strDate = nowDateTime.format(now): null

2020-03-19 14:52:19 - [TEST_STEP][PASSED] - return strDate: NOT_RUN: click(findTestObject("TD2/Registration and Onboarding/Page_Onboarding/ButtonLogout"))

2020-03-19 14:52:19 - [TEST_STEP][PASSED] - waitForElementVisible(findTestObject("TD2/Registration and Onboarding/Page_Registration/InputCompanyEmail"), 10): Object 'Object Repository/TD2/Registration and Onboarding/Page_Registration/InputCompanyEmail' is visible

2020-03-19 14:52:20 - [MESSAGE][PASSED] - Object 'Object Repository/TD2/Registration and Onboarding/Page_Registration/InputCompanyEmail' is visible

2020-03-19 14:52:20 - [TEST_STEP][PASSED] - setText(findTestObject("TD2/Registration and Onboarding/Page_Registration/InputCompanyEmail"), emailAddress): Text 'payal+200319145219@timedoctor.com' is set on object 'Object Repository/TD2/Registration and Onboarding/Page_Registration/InputCompanyEmail'

2020-03-19 14:52:21 - [MESSAGE][PASSED] - Text 'payal+200319145219@timedoctor.com' is set on object 'Object Repository/TD2/Registration and Onboarding/Page_Registration/InputCompanyEmail'

2020-03-19 14:52:21 - [TEST_STEP][PASSED] - setEncryptedText(findTestObject("TD2/Registration and Onboarding/Page_Registration/InputPassword"), "Px/nOzMEHWxU8lgHigNsmA=="): Text ****** has been set on object 'Object Repository/TD2/Registration and Onboarding/Page_Registration/InputPassword'

2020-03-19 14:52:23 - [MESSAGE][PASSED] - Text ****** has been set on object 'Object Repository/TD2/Registration and Onboarding/Page_Registration/InputPassword'

2020-03-19 14:52:23 - [TEST_STEP][PASSED] - click(findTestObject("TD2/Registration and Onboarding/Page_Registration/ButtonTestItOut")): Object: 'Object Repository/TD2/Registration and Onboarding/Page_Registration/ButtonTestItOut' is clicked on

2020-03-19 14:52:23 - [MESSAGE][PASSED] - Object: 'Object Repository/TD2/Registration and Onboarding/Page_Registration/ButtonTestItOut' is clicked on

2020-03-19 14:52:23 - [TEST_STEP][PASSED] - delay(15): Delayed 15 second(s)

2020-03-19 14:52:38 - [MESSAGE][PASSED] - Delayed 15 second(s)

2020-03-19 14:52:38 - [TEST_STEP][PASSED] - click(findTestObject("TD2/Registration and Onboarding/Page_Onboarding/span_No I like paying")): Object: 'Object Repository/TD2/Registration and Onboarding/Page_Onboarding/span_No I like paying' is clicked on

2020-03-19 14:52:39 - [MESSAGE][PASSED] - Object: 'Object Repository/TD2/Registration and Onboarding/Page_Onboarding/span_No I like paying' is clicked on

2020-03-19 14:52:39 - [TEST_STEP][NOT_RUN] - if (verifyElementPresent(findTestObject("TD2/Registration and Onboarding/Page_Onboarding/Company Name"), 10, OPTIONAL)): NOT_RUN: if (verifyElementPresent(findTestObject("TD2/Registration and Onboarding/Page_Onboarding/Company Name"), 10, OPTIONAL))

2020-03-19 14:52:39 - [MESSAGE][NOT_RUN] - NOT_RUN: if (verifyElementPresent(findTestObject("TD2/Registration and Onboarding/Page_Onboarding/Company Name"), 10, OPTIONAL))

2020-03-19 14:52:39 - [TEST_STEP][NOT_RUN] - click(findTestObject("TD2/Registration and Onboarding/Page_Onboarding/span_Next")): NOT_RUN: click(findTestObject("TD2/Registration and Onboarding/Page_Onboarding/span_Next"))

2020-03-19 14:52:39 - [MESSAGE][NOT_RUN] - NOT_RUN: click(findTestObject("TD2/Registration and Onboarding/Page_Onboarding/span_Next"))

2020-03-19 14:52:39 - [TEST_STEP][NOT_RUN] - click(findTestObject("TD2/Registration and Onboarding/Page_Onboarding/I dont have team")): NOT_RUN: click(findTestObject("TD2/Registration and Onboarding/Page_Onboarding/I dont have team"))

2020-03-19 14:52:39 - [MESSAGE][NOT_RUN] - NOT_RUN: click(findTestObject("TD2/Registration and Onboarding/Page_Onboarding/I dont have team"))

2020-03-19 14:52:39 - [TEST_STEP][NOT_RUN] - click(findTestObject("TD2/Registration and Onboarding/Page_Onboarding/Submit - Invite")): NOT_RUN: click(findTestObject("TD2/Registration and Onboarding/Page_Onboarding/Submit - Invite"))

2020-03-19 14:52:39 - [MESSAGE][NOT_RUN] - NOT_RUN: click(findTestObject("TD2/Registration and Onboarding/Page_Onboarding/Submit - Invite"))

2020-03-19 14:52:39 - [TEST_STEP][NOT_RUN] - delay(10): NOT_RUN: delay(10)

2020-03-19 14:52:39 - [MESSAGE][NOT_RUN] - NOT_RUN: delay(10)

2020-03-19 14:52:39 - [TEST_STEP][NOT_RUN] - click(findTestObject("TD2/Registration and Onboarding/Page_Onboarding/ButtonUserMenu")): NOT_RUN: click(findTestObject("TD2/Registration and Onboarding/Page_Onboarding/ButtonUserMenu"))

2020-03-19 14:52:39 - [MESSAGE][NOT_RUN] - NOT_RUN: click(findTestObject("TD2/Registration and Onboarding/Page_Onboarding/ButtonUserMenu"))

2020-03-19 14:52:39 - [TEST_STEP][NOT_RUN] - click(findTestObject("TD2/Registration and Onboarding/Page_Onboarding/ButtonLogout")): NOT_RUN: click(findTestObject("TD2/Registration and Onboarding/Page_Onboarding/ButtonLogout"))

2020-03-19 14:52:39 - [MESSAGE][NOT_RUN] - NOT_RUN: click(findTestObject("TD2/Registration and Onboarding/Page_Onboarding/ButtonLogout"))

2020-03-19 14:52:39 - [TEST_STEP][PASSED] - closeBrowser(): Browser is closed

2020-03-19 14:52:39 - [MESSAGE][PASSED] - Browser is closed]]></system-out>
         <system-err><![CDATA[]]></system-err>
      </testcase>
      <system-out><![CDATA[2020-03-19 14:51:47 - [TEST_SUITE][PASSED] - Selecting How to Start the Free Account - Visible and Silent: Test Cases/TD2/Signup and OnBoarding/Registration With Different Options for Questions Asked/Questions - Yes - Yes - Yes]]></system-out>
      <system-err><![CDATA[]]></system-err>
   </testsuite>
</testsuites>
