<?xml version="1.0" encoding="UTF-8"?>
<testsuites name="Selecting How to Start the Free Account - Visible and Silent" time="48.904" tests="1" failures="0" errors="0">
   <testsuite name="Selecting How to Start the Free Account - Visible and Silent" tests="1" failures="0" errors="0" time="48.904" timestamp="2020-03-23 11:17:42" hostname="sandhyajayesh - 192.168.0.6" id="Test Suites/TD2/Registration and Onboarding/Selecting How to Start the Free Account - Visible and Silent">
      <properties>
         <property name="deviceName" value=""/>
         <property name="devicePlatform" value=""/>
         <property name="logFolder" value="/Users/sandhyajayesh/Downloads/TD2 - Till CC/Reports/20200323_111729/TD2/Registration and Onboarding/Selecting How to Start the Free Account - Visible and Silent/20200323_111729"/>
         <property name="logFiles" value="/Users/sandhyajayesh/Downloads/TD2 - Till CC/Reports/20200323_111729/TD2/Registration and Onboarding/Selecting How to Start the Free Account - Visible and Silent/20200323_111729/execution0.log"/>
         <property name="attachments" value=""/>
         <property name="hostName" value="sandhyajayesh - 192.168.0.6"/>
         <property name="os" value="Mac OS X 64bit"/>
         <property name="katalonVersion" value="7.2.6.1"/>
         <property name="browser" value="Chrome 80.0.3987.149"/>
         <property name="hostAddress" value="192.168.0.6"/>
         <property name="sessionId" value="f91a87d1f36387d1447f972bbce2f63a"/>
         <property name="seleniumVersion" value="3.141.59"/>
         <property name="proxyInformation" value="ProxyInformation{proxyOption=NO_PROXY, proxyServerType=HTTP, password=, proxyServerAddress=, proxyServerPort=0, executionList=}"/>
         <property name="platform" value="Mac OS X"/>
      </properties>
      <testcase name="Test Cases/TD2/Signup and OnBoarding/Direct Signup/Direct Signup Page" time="48.454" classname="Test Cases/TD2/Signup and OnBoarding/Direct Signup/Direct Signup Page" status="PASSED">
         <system-out><![CDATA[2020-03-23 11:17:42 - [TEST_CASE][PASSED] - Test Cases/TD2/Signup and OnBoarding/Direct Signup/Direct Signup Page: Test Cases/TD2/Signup and OnBoarding/Direct Signup/Direct Signup Page

2020-03-23 11:17:43 - [TEST_STEP][PASSED] - openBrowser(""): Browser is opened with url: ''

2020-03-23 11:17:43 - [MESSAGE][INFO] - Starting 'Chrome' driver

2020-03-23 11:17:43 - [MESSAGE][INFO] - Action delay is set to 0 seconds

2020-03-23 11:17:46 - [MESSAGE][PASSED] - Browser is opened with url: ''

2020-03-23 11:17:46 - [TEST_STEP][PASSED] - maximizeWindow(): Current window maximized

2020-03-23 11:17:46 - [MESSAGE][PASSED] - Current window maximized

2020-03-23 11:17:46 - [TEST_STEP][PASSED] - navigateToUrl("https://2a.timedoctor.com/#/signup"): Navigate to 'https://2a.timedoctor.com/#/signup' successfully

2020-03-23 11:17:55 - [MESSAGE][PASSED] - Navigate to 'https://2a.timedoctor.com/#/signup' successfully

2020-03-23 11:17:55 - [TEST_STEP][NOT_RUN] - click(findTestObject("TD2/Registration and Onboarding/Page_Registration/Register Button"), STOP_ON_FAILURE): NOT_RUN: click(findTestObject("TD2/Registration and Onboarding/Page_Registration/Register Button"), STOP_ON_FAILURE)

2020-03-23 11:17:55 - [MESSAGE][NOT_RUN] - NOT_RUN: click(findTestObject("TD2/Registration and Onboarding/Page_Registration/Register Button"), STOP_ON_FAILURE)

2020-03-23 11:17:55 - [TEST_STEP][PASSED] - setText(findTestObject("TD2/Registration and Onboarding/Registration/Page_Register/InputName"), "Sandy"): Text 'Sandy' is set on object 'Object Repository/TD2/Registration and Onboarding/Registration/Page_Register/InputName'

2020-03-23 11:17:58 - [MESSAGE][PASSED] - Text 'Sandy' is set on object 'Object Repository/TD2/Registration and Onboarding/Registration/Page_Register/InputName'

2020-03-23 11:17:58 - [TEST_STEP][PASSED] - emailAddress = "Sandy+" + getDateTime() + "@timedoctor.com": null

2020-03-23 11:17:58 - [TEST_STEP][PASSED] - nowDateTime = new java.text.SimpleDateFormat(yyMMddHHmmss): null

2020-03-23 11:17:58 - [TEST_STEP][PASSED] - now = new java.util.Date(): null

2020-03-23 11:17:58 - [TEST_STEP][PASSED] - strDate = nowDateTime.format(now): null

2020-03-23 11:17:58 - [TEST_STEP][PASSED] - return strDate: null

2020-03-23 11:17:58 - [TEST_STEP][PASSED] - waitForElementVisible(findTestObject("TD2/Registration and Onboarding/Registration/Page_Register/InputEmailAddress"), 15): Object 'Object Repository/TD2/Registration and Onboarding/Registration/Page_Register/InputEmailAddress' is visible

2020-03-23 11:17:59 - [MESSAGE][PASSED] - Object 'Object Repository/TD2/Registration and Onboarding/Registration/Page_Register/InputEmailAddress' is visible

2020-03-23 11:17:59 - [TEST_STEP][PASSED] - setText(findTestObject("TD2/Registration and Onboarding/Registration/Page_Register/InputEmailAddress"), emailAddress): Text 'Sandy+200323111758@timedoctor.com' is set on object 'Object Repository/TD2/Registration and Onboarding/Registration/Page_Register/InputEmailAddress'

2020-03-23 11:18:00 - [MESSAGE][PASSED] - Text 'Sandy+200323111758@timedoctor.com' is set on object 'Object Repository/TD2/Registration and Onboarding/Registration/Page_Register/InputEmailAddress'

2020-03-23 11:18:00 - [TEST_STEP][PASSED] - setEncryptedText(findTestObject("TD2/Registration and Onboarding/Registration/Page_Register/InputPassword"), "Px/nOzMEHWxU8lgHigNsmA=="): Text ****** has been set on object 'Object Repository/TD2/Registration and Onboarding/Registration/Page_Register/InputPassword'

2020-03-23 11:18:01 - [MESSAGE][PASSED] - Text ****** has been set on object 'Object Repository/TD2/Registration and Onboarding/Registration/Page_Register/InputPassword'

2020-03-23 11:18:01 - [TEST_STEP][PASSED] - click(findTestObject("TD2/Registration and Onboarding/Registration/Page_Register/ButtonSignup")): Object: 'Object Repository/TD2/Registration and Onboarding/Registration/Page_Register/ButtonSignup' is clicked on

2020-03-23 11:18:02 - [MESSAGE][PASSED] - Object: 'Object Repository/TD2/Registration and Onboarding/Registration/Page_Register/ButtonSignup' is clicked on

2020-03-23 11:18:02 - [TEST_STEP][PASSED] - delay(10): Delayed 10 second(s)

2020-03-23 11:18:12 - [MESSAGE][PASSED] - Delayed 10 second(s)

2020-03-23 11:18:12 - [TEST_STEP][PASSED] - setText(findTestObject("TD2/Registration and Onboarding/Registration/Page_Create New Workspace/InputName"), "QA"): Text 'QA' is set on object 'Object Repository/TD2/Registration and Onboarding/Registration/Page_Create New Workspace/InputName'

2020-03-23 11:18:12 - [MESSAGE][PASSED] - Text 'QA' is set on object 'Object Repository/TD2/Registration and Onboarding/Registration/Page_Create New Workspace/InputName'

2020-03-23 11:18:12 - [TEST_STEP][PASSED] - click(findTestObject("TD2/Registration and Onboarding/Registration/Page_Create New Workspace/ToggleBlurScreenshot")): Object: 'Object Repository/TD2/Registration and Onboarding/Registration/Page_Create New Workspace/ToggleBlurScreenshot' is clicked on

2020-03-23 11:18:13 - [MESSAGE][PASSED] - Object: 'Object Repository/TD2/Registration and Onboarding/Registration/Page_Create New Workspace/ToggleBlurScreenshot' is clicked on

2020-03-23 11:18:13 - [TEST_STEP][PASSED] - click(findTestObject("TD2/Registration and Onboarding/Registration/Page_Create New Workspace/RemoveQueryParmeter")): Object: 'Object Repository/TD2/Registration and Onboarding/Registration/Page_Create New Workspace/RemoveQueryParmeter' is clicked on

2020-03-23 11:18:13 - [MESSAGE][PASSED] - Object: 'Object Repository/TD2/Registration and Onboarding/Registration/Page_Create New Workspace/RemoveQueryParmeter' is clicked on

2020-03-23 11:18:13 - [TEST_STEP][PASSED] - verifyElementText(findTestObject("TD2/Registration and Onboarding/Registration/Page_Create New Workspace/TextAreyouSure"), "Are you sure?"): Actual text and expected text of test object 'Object Repository/TD2/Registration and Onboarding/Registration/Page_Create New Workspace/TextAreyouSure' are matched.

2020-03-23 11:18:14 - [MESSAGE][PASSED] - Actual text and expected text of test object 'Object Repository/TD2/Registration and Onboarding/Registration/Page_Create New Workspace/TextAreyouSure' are matched.

2020-03-23 11:18:14 - [TEST_STEP][PASSED] - verifyElementText(findTestObject("TD2/Registration and Onboarding/Registration/Page_Create New Workspace/TextRemovingQueryParameters"), "Removing query parameters will affect past data. This action cannot be undone."): Actual text and expected text of test object 'Object Repository/TD2/Registration and Onboarding/Registration/Page_Create New Workspace/TextRemovingQueryParameters' are matched.

2020-03-23 11:18:15 - [MESSAGE][PASSED] - Actual text and expected text of test object 'Object Repository/TD2/Registration and Onboarding/Registration/Page_Create New Workspace/TextRemovingQueryParameters' are matched.

2020-03-23 11:18:15 - [TEST_STEP][PASSED] - click(findTestObject("TD2/Registration and Onboarding/Registration/Page_Create New Workspace/ButtonContinue")): Object: 'Object Repository/TD2/Registration and Onboarding/Registration/Page_Create New Workspace/ButtonContinue' is clicked on

2020-03-23 11:18:15 - [MESSAGE][PASSED] - Object: 'Object Repository/TD2/Registration and Onboarding/Registration/Page_Create New Workspace/ButtonContinue' is clicked on

2020-03-23 11:18:15 - [TEST_STEP][PASSED] - click(findTestObject("TD2/Registration and Onboarding/Registration/Page_Create New Workspace/RemoveQueryParmeter")): Object: 'Object Repository/TD2/Registration and Onboarding/Registration/Page_Create New Workspace/RemoveQueryParmeter' is clicked on

2020-03-23 11:18:16 - [MESSAGE][PASSED] - Object: 'Object Repository/TD2/Registration and Onboarding/Registration/Page_Create New Workspace/RemoveQueryParmeter' is clicked on

2020-03-23 11:18:16 - [TEST_STEP][PASSED] - click(findTestObject("TD2/Registration and Onboarding/Registration/Page_Create New Workspace/RemoveQueryParmeter")): Object: 'Object Repository/TD2/Registration and Onboarding/Registration/Page_Create New Workspace/RemoveQueryParmeter' is clicked on

2020-03-23 11:18:17 - [MESSAGE][PASSED] - Object: 'Object Repository/TD2/Registration and Onboarding/Registration/Page_Create New Workspace/RemoveQueryParmeter' is clicked on

2020-03-23 11:18:17 - [TEST_STEP][PASSED] - click(findTestObject("TD2/Registration and Onboarding/Registration/Page_Create New Workspace/ButtonCancel")): Object: 'Object Repository/TD2/Registration and Onboarding/Registration/Page_Create New Workspace/ButtonCancel' is clicked on

2020-03-23 11:18:18 - [MESSAGE][PASSED] - Object: 'Object Repository/TD2/Registration and Onboarding/Registration/Page_Create New Workspace/ButtonCancel' is clicked on

2020-03-23 11:18:18 - [TEST_STEP][PASSED] - click(findTestObject("TD2/Registration and Onboarding/Registration/Page_Create New Workspace/button_Create")): Object: 'Object Repository/TD2/Registration and Onboarding/Registration/Page_Create New Workspace/button_Create' is clicked on

2020-03-23 11:18:19 - [MESSAGE][PASSED] - Object: 'Object Repository/TD2/Registration and Onboarding/Registration/Page_Create New Workspace/button_Create' is clicked on

2020-03-23 11:18:19 - [TEST_STEP][PASSED] - delay(5): Delayed 5 second(s)

2020-03-23 11:18:24 - [MESSAGE][PASSED] - Delayed 5 second(s)

2020-03-23 11:18:24 - [TEST_STEP][PASSED] - click(findTestObject("TD2/Registration and Onboarding/Registration/Page_QA - Team Dashboard/button_No I like paying full price")): Object: 'Object Repository/TD2/Registration and Onboarding/Registration/Page_QA - Team Dashboard/button_No I like paying full price' is clicked on

2020-03-23 11:18:30 - [MESSAGE][PASSED] - Object: 'Object Repository/TD2/Registration and Onboarding/Registration/Page_QA - Team Dashboard/button_No I like paying full price' is clicked on

2020-03-23 11:18:30 - [TEST_STEP][NOT_RUN] - click(findTestObject("TD2/Registration and Onboarding/Registration/Page_QA - Team Dashboard/md-radio-button_Visible - Employees can sta_7ab782")): NOT_RUN: click(findTestObject("TD2/Registration and Onboarding/Registration/Page_QA - Team Dashboard/md-radio-button_Visible - Employees can sta_7ab782"))

2020-03-23 11:18:30 - [MESSAGE][NOT_RUN] - NOT_RUN: click(findTestObject("TD2/Registration and Onboarding/Registration/Page_QA - Team Dashboard/md-radio-button_Visible - Employees can sta_7ab782"))

2020-03-23 11:18:30 - [TEST_STEP][NOT_RUN] - click(findTestObject("TD2/Registration and Onboarding/Page_Onboarding/span_Next")): NOT_RUN: click(findTestObject("TD2/Registration and Onboarding/Page_Onboarding/span_Next"))

2020-03-23 11:18:30 - [MESSAGE][NOT_RUN] - NOT_RUN: click(findTestObject("TD2/Registration and Onboarding/Page_Onboarding/span_Next"))

2020-03-23 11:18:30 - [TEST_STEP][NOT_RUN] - click(findTestObject("TD2/Registration and Onboarding/Registration/Page_QA - Team Dashboard/ScreenshotFeature")): NOT_RUN: click(findTestObject("TD2/Registration and Onboarding/Registration/Page_QA - Team Dashboard/ScreenshotFeature"))

2020-03-23 11:18:30 - [MESSAGE][NOT_RUN] - NOT_RUN: click(findTestObject("TD2/Registration and Onboarding/Registration/Page_QA - Team Dashboard/ScreenshotFeature"))

2020-03-23 11:18:30 - [TEST_STEP][NOT_RUN] - click(findTestObject("TD2/Registration and Onboarding/Registration/Page_QA - Team Dashboard/TaskFeature")): NOT_RUN: click(findTestObject("TD2/Registration and Onboarding/Registration/Page_QA - Team Dashboard/TaskFeature"))

2020-03-23 11:18:30 - [MESSAGE][NOT_RUN] - NOT_RUN: click(findTestObject("TD2/Registration and Onboarding/Registration/Page_QA - Team Dashboard/TaskFeature"))

2020-03-23 11:18:30 - [TEST_STEP][NOT_RUN] - click(findTestObject("TD2/Registration and Onboarding/Registration/Page_QA - Team Dashboard/Payroll Feature")): NOT_RUN: click(findTestObject("TD2/Registration and Onboarding/Registration/Page_QA - Team Dashboard/Payroll Feature"))

2020-03-23 11:18:30 - [MESSAGE][NOT_RUN] - NOT_RUN: click(findTestObject("TD2/Registration and Onboarding/Registration/Page_QA - Team Dashboard/Payroll Feature"))

2020-03-23 11:18:30 - [TEST_STEP][NOT_RUN] - setText(findTestObject("TD2/Registration and Onboarding/Registration/Page_QA - Team Dashboard/LargeCompanySetUpPhone"), "h"): NOT_RUN: setText(findTestObject("TD2/Registration and Onboarding/Registration/Page_QA - Team Dashboard/LargeCompanySetUpPhone"), "h")

2020-03-23 11:18:30 - [MESSAGE][NOT_RUN] - NOT_RUN: setText(findTestObject("TD2/Registration and Onboarding/Registration/Page_QA - Team Dashboard/LargeCompanySetUpPhone"), "h")

2020-03-23 11:18:30 - [TEST_STEP][NOT_RUN] - click(findTestObject("TD2/Registration and Onboarding/Registration/Page_QA - Team Dashboard/button_Next")): NOT_RUN: click(findTestObject("TD2/Registration and Onboarding/Registration/Page_QA - Team Dashboard/button_Next"))

2020-03-23 11:18:30 - [MESSAGE][NOT_RUN] - NOT_RUN: click(findTestObject("TD2/Registration and Onboarding/Registration/Page_QA - Team Dashboard/button_Next"))

2020-03-23 11:18:30 - [TEST_STEP][NOT_RUN] - click(findTestObject("TD2/Registration and Onboarding/Registration/Page_QA - Team Dashboard/md-radio-button_Yes - Let employees track t_281fed")): NOT_RUN: click(findTestObject("TD2/Registration and Onboarding/Registration/Page_QA - Team Dashboard/md-radio-button_Yes - Let employees track t_281fed"))

2020-03-23 11:18:30 - [MESSAGE][NOT_RUN] - NOT_RUN: click(findTestObject("TD2/Registration and Onboarding/Registration/Page_QA - Team Dashboard/md-radio-button_Yes - Let employees track t_281fed"))

2020-03-23 11:18:30 - [TEST_STEP][NOT_RUN] - verifyElementText(findTestObject("TD2/Registration and Onboarding/Registration/Page_QA - Team Dashboard/h1_Set up your Account"), "Set up your Account"): NOT_RUN: verifyElementText(findTestObject("TD2/Registration and Onboarding/Registration/Page_QA - Team Dashboard/h1_Set up your Account"), "Set up your Account")

2020-03-23 11:18:30 - [MESSAGE][NOT_RUN] - NOT_RUN: verifyElementText(findTestObject("TD2/Registration and Onboarding/Registration/Page_QA - Team Dashboard/h1_Set up your Account"), "Set up your Account")

2020-03-23 11:18:30 - [TEST_STEP][NOT_RUN] - click(findTestObject("TD2/Registration and Onboarding/Registration/Page_QA - Team Dashboard/button_Next_1")): NOT_RUN: click(findTestObject("TD2/Registration and Onboarding/Registration/Page_QA - Team Dashboard/button_Next_1"))

2020-03-23 11:18:30 - [MESSAGE][NOT_RUN] - NOT_RUN: click(findTestObject("TD2/Registration and Onboarding/Registration/Page_QA - Team Dashboard/button_Next_1"))

2020-03-23 11:18:30 - [TEST_STEP][NOT_RUN] - click(findTestObject("TD2/Registration and Onboarding/Registration/Page_QA - Team Dashboard/2Invites")): NOT_RUN: click(findTestObject("TD2/Registration and Onboarding/Registration/Page_QA - Team Dashboard/2Invites"))

2020-03-23 11:18:30 - [MESSAGE][NOT_RUN] - NOT_RUN: click(findTestObject("TD2/Registration and Onboarding/Registration/Page_QA - Team Dashboard/2Invites"))

2020-03-23 11:18:30 - [TEST_STEP][NOT_RUN] - click(findTestObject("TD2/Registration and Onboarding/Registration/Page_QA - Team Dashboard/button_Submit")): NOT_RUN: click(findTestObject("TD2/Registration and Onboarding/Registration/Page_QA - Team Dashboard/button_Submit"))

2020-03-23 11:18:30 - [MESSAGE][NOT_RUN] - NOT_RUN: click(findTestObject("TD2/Registration and Onboarding/Registration/Page_QA - Team Dashboard/button_Submit"))

2020-03-23 11:18:30 - [TEST_STEP][NOT_RUN] - sendKeys(findTestObject("TD2/Registration and Onboarding/Registration/Page_QA - Team Dashboard/Email1"), "payal+invite1@timedoctor.com"): NOT_RUN: sendKeys(findTestObject("TD2/Registration and Onboarding/Registration/Page_QA - Team Dashboard/Email1"), "payal+invite1@timedoctor.com")

2020-03-23 11:18:30 - [MESSAGE][NOT_RUN] - NOT_RUN: sendKeys(findTestObject("TD2/Registration and Onboarding/Registration/Page_QA - Team Dashboard/Email1"), "payal+invite1@timedoctor.com")

2020-03-23 11:18:30 - [TEST_STEP][NOT_RUN] - sendKeys(findTestObject("TD2/Registration and Onboarding/Registration/Page_QA - Team Dashboard/Email2"), "payal+invite2@timedoctor.com"): NOT_RUN: sendKeys(findTestObject("TD2/Registration and Onboarding/Registration/Page_QA - Team Dashboard/Email2"), "payal+invite2@timedoctor.com")

2020-03-23 11:18:30 - [MESSAGE][NOT_RUN] - NOT_RUN: sendKeys(findTestObject("TD2/Registration and Onboarding/Registration/Page_QA - Team Dashboard/Email2"), "payal+invite2@timedoctor.com")

2020-03-23 11:18:30 - [TEST_STEP][NOT_RUN] - click(findTestObject("TD2/Registration and Onboarding/Registration/Page_QA - Team Dashboard/button_Invite to 14-day Free Trial")): NOT_RUN: click(findTestObject("TD2/Registration and Onboarding/Registration/Page_QA - Team Dashboard/button_Invite to 14-day Free Trial"))

2020-03-23 11:18:30 - [MESSAGE][NOT_RUN] - NOT_RUN: click(findTestObject("TD2/Registration and Onboarding/Registration/Page_QA - Team Dashboard/button_Invite to 14-day Free Trial"))

2020-03-23 11:18:30 - [TEST_STEP][NOT_RUN] - click(findTestObject("TD2/Registration and Onboarding/Page_Onboarding/ButtonUserMenu")): NOT_RUN: click(findTestObject("TD2/Registration and Onboarding/Page_Onboarding/ButtonUserMenu"))

2020-03-23 11:18:30 - [MESSAGE][NOT_RUN] - NOT_RUN: click(findTestObject("TD2/Registration and Onboarding/Page_Onboarding/ButtonUserMenu"))

2020-03-23 11:18:30 - [TEST_STEP][NOT_RUN] - click(findTestObject("TD2/Registration and Onboarding/Page_Onboarding/ButtonLogout")): NOT_RUN: click(findTestObject("TD2/Registration and Onboarding/Page_Onboarding/ButtonLogout"))

2020-03-23 11:18:30 - [MESSAGE][NOT_RUN] - NOT_RUN: click(findTestObject("TD2/Registration and Onboarding/Page_Onboarding/ButtonLogout"))

2020-03-23 11:18:30 - [TEST_STEP][PASSED] - closeBrowser(): Browser is closed

2020-03-23 11:18:31 - [MESSAGE][PASSED] - Browser is closed]]></system-out>
         <system-err><![CDATA[]]></system-err>
      </testcase>
      <system-out><![CDATA[2020-03-23 11:17:42 - [TEST_SUITE][PASSED] - Selecting How to Start the Free Account - Visible and Silent: Test Cases/TD2/Signup and OnBoarding/Direct Signup/Direct Signup Page]]></system-out>
      <system-err><![CDATA[]]></system-err>
   </testsuite>
</testsuites>
