<?xml version="1.0" encoding="UTF-8"?>
<testsuites name="Selecting How to Start the Free Account - Visible and Silent" time="62.658" tests="2" failures="0" errors="0">
   <testsuite name="Selecting How to Start the Free Account - Visible and Silent" tests="2" failures="0" errors="0" time="62.658" timestamp="2020-03-19 10:41:56" hostname="payalchoksey - payals-air" id="Test Suites/TD2/Registration and Onboarding/Selecting How to Start the Free Account - Visible and Silent">
      <properties>
         <property name="deviceName" value=""/>
         <property name="devicePlatform" value=""/>
         <property name="logFolder" value="/Users/payalchoksey/Desktop/TD2 - Till CC/Reports/20200319_104153/TD2/Registration and Onboarding/Selecting How to Start the Free Account - Visible and Silent/20200319_104153"/>
         <property name="logFiles" value="/Users/payalchoksey/Desktop/TD2 - Till CC/Reports/20200319_104153/TD2/Registration and Onboarding/Selecting How to Start the Free Account - Visible and Silent/20200319_104153/execution0.log"/>
         <property name="attachments" value=""/>
         <property name="hostName" value="payalchoksey - payals-air"/>
         <property name="os" value="Mac OS X 64bit"/>
         <property name="katalonVersion" value="7.2.1.1"/>
         <property name="browser" value="Chrome 80.0.3987.149"/>
         <property name="hostAddress" value="192.168.1.7"/>
         <property name="sessionId" value="4ccbeee6d4cccefaa4bbe121b2bb1cdc"/>
         <property name="seleniumVersion" value="3.141.59"/>
         <property name="proxyInformation" value="ProxyInformation{proxyOption=NO_PROXY, proxyServerType=HTTP, password=, proxyServerAddress=, proxyServerPort=0, executionList=}"/>
         <property name="platform" value="Mac OS X"/>
      </properties>
      <testcase name="Test Cases/TD2/General/Opening Browser" time="13.779" classname="Test Cases/TD2/General/Opening Browser" status="PASSED">
         <system-out><![CDATA[2020-03-19 10:41:57 - [TEST_CASE][PASSED] - Test Cases/TD2/General/Opening Browser: Test Cases/TD2/General/Opening Browser

2020-03-19 10:41:57 - [TEST_STEP][PASSED] - openBrowser(""): Browser is opened with url: ''

2020-03-19 10:41:58 - [MESSAGE][INFO] - Starting 'Chrome' driver

2020-03-19 10:41:58 - [MESSAGE][INFO] - Action delay is set to 0 seconds

2020-03-19 10:42:01 - [MESSAGE][PASSED] - Browser is opened with url: ''

2020-03-19 10:42:01 - [TEST_STEP][PASSED] - navigateToUrl("https://2a.timedoctor.com"): Navigate to 'https://2a.timedoctor.com' successfully

2020-03-19 10:42:10 - [MESSAGE][PASSED] - Navigate to 'https://2a.timedoctor.com' successfully

2020-03-19 10:42:10 - [TEST_STEP][PASSED] - maximizeWindow(): Current window maximized

2020-03-19 10:42:11 - [MESSAGE][PASSED] - Current window maximized]]></system-out>
         <system-err><![CDATA[]]></system-err>
      </testcase>
      <testcase name="Test Cases/TD2/Signup and OnBoarding/Registration With Different Options for Questions Asked/Question - Yes - No - TryItFree" time="47.848" classname="Test Cases/TD2/Signup and OnBoarding/Registration With Different Options for Questions Asked/Question - Yes - No - TryItFree" status="PASSED">
         <system-out><![CDATA[2020-03-19 10:42:11 - [TEST_CASE][PASSED] - Test Cases/TD2/Signup and OnBoarding/Registration With Different Options for Questions Asked/Question - Yes - No - TryItFree: Test Cases/TD2/Signup and OnBoarding/Registration With Different Options for Questions Asked/Question - Yes - No - TryItFree

2020-03-19 10:42:11 - [TEST_STEP][NOT_RUN] - openBrowser(""): NOT_RUN: openBrowser("")

2020-03-19 10:42:11 - [MESSAGE][NOT_RUN] - NOT_RUN: openBrowser("")

2020-03-19 10:42:11 - [TEST_STEP][NOT_RUN] - maximizeWindow(): NOT_RUN: maximizeWindow()

2020-03-19 10:42:11 - [MESSAGE][NOT_RUN] - NOT_RUN: maximizeWindow()

2020-03-19 10:42:11 - [TEST_STEP][NOT_RUN] - navigateToUrl("www.timedoctor.com"): NOT_RUN: navigateToUrl("www.timedoctor.com")

2020-03-19 10:42:11 - [MESSAGE][NOT_RUN] - NOT_RUN: navigateToUrl("www.timedoctor.com")

2020-03-19 10:42:11 - [TEST_STEP][PASSED] - click(findTestObject("TD2/Registration and Onboarding/Page_Registration/Register Button")): Object: 'Object Repository/TD2/Registration and Onboarding/Page_Registration/Register Button' is clicked on

2020-03-19 10:42:16 - [MESSAGE][PASSED] - Object: 'Object Repository/TD2/Registration and Onboarding/Page_Registration/Register Button' is clicked on

2020-03-19 10:42:16 - [TEST_STEP][NOT_RUN] - if (verifyElementPresent(findTestObject("TD2/Registration and Onboarding/Page_Registration/WebsiteVersion"), 10, OPTIONAL)): NOT_RUN: if (verifyElementPresent(findTestObject("TD2/Registration and Onboarding/Page_Registration/WebsiteVersion"), 10, OPTIONAL))

2020-03-19 10:42:16 - [MESSAGE][NOT_RUN] - NOT_RUN: if (verifyElementPresent(findTestObject("TD2/Registration and Onboarding/Page_Registration/WebsiteVersion"), 10, OPTIONAL))

2020-03-19 10:42:16 - [TEST_STEP][PASSED] - if (verifyElementPresent(findTestObject("TD2/Registration and Onboarding/Page_Registration/ButtonYes"), 10, OPTIONAL)): null

2020-03-19 10:42:18 - [MESSAGE][PASSED] - Object 'Object Repository/TD2/Registration and Onboarding/Page_Registration/ButtonYes' is present

2020-03-19 10:42:18 - [TEST_STEP][PASSED] - click(findTestObject("TD2/Registration and Onboarding/Page_Registration/ButtonYes")): Object: 'Object Repository/TD2/Registration and Onboarding/Page_Registration/ButtonYes' is clicked on

2020-03-19 10:42:18 - [MESSAGE][PASSED] - Object: 'Object Repository/TD2/Registration and Onboarding/Page_Registration/ButtonYes' is clicked on

2020-03-19 10:42:18 - [TEST_STEP][PASSED] - click(findTestObject("TD2/Registration and Onboarding/Page_Onboarding/ButtonNo1")): Object: 'Object Repository/TD2/Registration and Onboarding/Page_Onboarding/ButtonNo1' is clicked on

2020-03-19 10:42:19 - [MESSAGE][PASSED] - Object: 'Object Repository/TD2/Registration and Onboarding/Page_Onboarding/ButtonNo1' is clicked on

2020-03-19 10:42:19 - [TEST_STEP][PASSED] - click(findTestObject("TD2/Registration and Onboarding/Page_Onboarding/ButtonTryItFree")): Object: 'Object Repository/TD2/Registration and Onboarding/Page_Onboarding/ButtonTryItFree' is clicked on

2020-03-19 10:42:20 - [MESSAGE][PASSED] - Object: 'Object Repository/TD2/Registration and Onboarding/Page_Onboarding/ButtonTryItFree' is clicked on

2020-03-19 10:42:20 - [TEST_STEP][PASSED] - click(findTestObject("TD2/Registration and Onboarding/Page_Registration/RadioAccountOption")): Object: 'Object Repository/TD2/Registration and Onboarding/Page_Registration/RadioAccountOption' is clicked on

2020-03-19 10:42:21 - [MESSAGE][PASSED] - Object: 'Object Repository/TD2/Registration and Onboarding/Page_Registration/RadioAccountOption' is clicked on

2020-03-19 10:42:21 - [TEST_STEP][NOT_RUN] - click(findTestObject("TD2/Registration and Onboarding/Page_Onboarding/RadioButtonVisible")): NOT_RUN: click(findTestObject("TD2/Registration and Onboarding/Page_Onboarding/RadioButtonVisible"))

2020-03-19 10:42:21 - [MESSAGE][NOT_RUN] - NOT_RUN: click(findTestObject("TD2/Registration and Onboarding/Page_Onboarding/RadioButtonVisible"))

2020-03-19 10:42:21 - [TEST_STEP][PASSED] - click(findTestObject("TD2/Registration and Onboarding/Page_Registration/ButtonContinue")): Object: 'Object Repository/TD2/Registration and Onboarding/Page_Registration/ButtonContinue' is clicked on

2020-03-19 10:42:22 - [MESSAGE][PASSED] - Object: 'Object Repository/TD2/Registration and Onboarding/Page_Registration/ButtonContinue' is clicked on

2020-03-19 10:42:22 - [TEST_STEP][PASSED] - setText(findTestObject("TD2/Registration and Onboarding/Page_Registration/InputName"), "Payal"): Text 'Payal' is set on object 'Object Repository/TD2/Registration and Onboarding/Page_Registration/InputName'

2020-03-19 10:42:22 - [MESSAGE][PASSED] - Text 'Payal' is set on object 'Object Repository/TD2/Registration and Onboarding/Page_Registration/InputName'

2020-03-19 10:42:22 - [TEST_STEP][PASSED] - driver = getWebDriver(): null

2020-03-19 10:42:22 - [TEST_STEP][PASSED] - emailAddress = "payal+" + getDateTime() + "@timedoctor.com": null

2020-03-19 10:42:22 - [TEST_STEP][PASSED] - nowDateTime = new java.text.SimpleDateFormat(yyMMddHHmmss): null

2020-03-19 10:42:22 - [TEST_STEP][PASSED] - now = new java.util.Date(): null

2020-03-19 10:42:22 - [TEST_STEP][PASSED] - strDate = nowDateTime.format(now): null

2020-03-19 10:42:22 - [TEST_STEP][PASSED] - return strDate: Object: 'Object Repository/TD2/Registration and Onboarding/Page_Onboarding/ButtonLogout' is clicked on

2020-03-19 10:42:22 - [TEST_STEP][PASSED] - waitForElementVisible(findTestObject("TD2/Registration and Onboarding/Page_Registration/InputCompanyEmail"), 10): Object 'Object Repository/TD2/Registration and Onboarding/Page_Registration/InputCompanyEmail' is visible

2020-03-19 10:42:23 - [MESSAGE][PASSED] - Object 'Object Repository/TD2/Registration and Onboarding/Page_Registration/InputCompanyEmail' is visible

2020-03-19 10:42:23 - [TEST_STEP][PASSED] - setText(findTestObject("TD2/Registration and Onboarding/Page_Registration/InputCompanyEmail"), emailAddress): Text 'payal+200319104222@timedoctor.com' is set on object 'Object Repository/TD2/Registration and Onboarding/Page_Registration/InputCompanyEmail'

2020-03-19 10:42:24 - [MESSAGE][PASSED] - Text 'payal+200319104222@timedoctor.com' is set on object 'Object Repository/TD2/Registration and Onboarding/Page_Registration/InputCompanyEmail'

2020-03-19 10:42:24 - [TEST_STEP][PASSED] - setEncryptedText(findTestObject("TD2/Registration and Onboarding/Page_Registration/InputPassword"), "Px/nOzMEHWxU8lgHigNsmA=="): Text ****** has been set on object 'Object Repository/TD2/Registration and Onboarding/Page_Registration/InputPassword'

2020-03-19 10:42:25 - [MESSAGE][PASSED] - Text ****** has been set on object 'Object Repository/TD2/Registration and Onboarding/Page_Registration/InputPassword'

2020-03-19 10:42:25 - [TEST_STEP][PASSED] - click(findTestObject("TD2/Registration and Onboarding/Page_Registration/ButtonTestItOut")): Object: 'Object Repository/TD2/Registration and Onboarding/Page_Registration/ButtonTestItOut' is clicked on

2020-03-19 10:42:25 - [MESSAGE][PASSED] - Object: 'Object Repository/TD2/Registration and Onboarding/Page_Registration/ButtonTestItOut' is clicked on

2020-03-19 10:42:25 - [TEST_STEP][PASSED] - delay(10): Delayed 10 second(s)

2020-03-19 10:42:35 - [MESSAGE][PASSED] - Delayed 10 second(s)

2020-03-19 10:42:35 - [TEST_STEP][PASSED] - click(findTestObject("TD2/Registration and Onboarding/Page_Onboarding/span_No I like paying")): Object: 'Object Repository/TD2/Registration and Onboarding/Page_Onboarding/span_No I like paying' is clicked on

2020-03-19 10:42:36 - [MESSAGE][PASSED] - Object: 'Object Repository/TD2/Registration and Onboarding/Page_Onboarding/span_No I like paying' is clicked on

2020-03-19 10:42:36 - [TEST_STEP][PASSED] - if (verifyElementPresent(findTestObject("TD2/Registration and Onboarding/Page_Onboarding/Company Name"), 10, OPTIONAL)): null

2020-03-19 10:42:37 - [MESSAGE][PASSED] - Object 'Object Repository/TD2/Registration and Onboarding/Page_Onboarding/Company Name' is present

2020-03-19 10:42:37 - [TEST_STEP][PASSED] - sendKeys(findTestObject("TD2/Registration and Onboarding/Page_Onboarding/Company Name"), "QA Team"): Keys 'QA Team' sent to object: 'Object Repository/TD2/Registration and Onboarding/Page_Onboarding/Company Name'

2020-03-19 10:42:37 - [MESSAGE][PASSED] - Keys 'QA Team' sent to object: 'Object Repository/TD2/Registration and Onboarding/Page_Onboarding/Company Name'

2020-03-19 10:42:37 - [TEST_STEP][PASSED] - click(findTestObject("TD2/Registration and Onboarding/Page_Onboarding/Just Me")): Object: 'Object Repository/TD2/Registration and Onboarding/Page_Onboarding/Just Me' is clicked on

2020-03-19 10:42:38 - [MESSAGE][PASSED] - Object: 'Object Repository/TD2/Registration and Onboarding/Page_Onboarding/Just Me' is clicked on

2020-03-19 10:42:38 - [TEST_STEP][PASSED] - click(findTestObject("TD2/Registration and Onboarding/Page_Onboarding/Next - Company Name")): Object: 'Object Repository/TD2/Registration and Onboarding/Page_Onboarding/Next - Company Name' is clicked on

2020-03-19 10:42:38 - [MESSAGE][PASSED] - Object: 'Object Repository/TD2/Registration and Onboarding/Page_Onboarding/Next - Company Name' is clicked on

2020-03-19 10:42:38 - [TEST_STEP][PASSED] - click(findTestObject("TD2/Registration and Onboarding/Page_Onboarding/Next - Industry")): Object: 'Object Repository/TD2/Registration and Onboarding/Page_Onboarding/Next - Industry' is clicked on

2020-03-19 10:42:40 - [MESSAGE][PASSED] - Object: 'Object Repository/TD2/Registration and Onboarding/Page_Onboarding/Next - Industry' is clicked on

2020-03-19 10:42:40 - [TEST_STEP][NOT_RUN] - click(findTestObject("TD2/Registration and Onboarding/Page_Onboarding/Next2")): NOT_RUN: click(findTestObject("TD2/Registration and Onboarding/Page_Onboarding/Next2"))

2020-03-19 10:42:40 - [MESSAGE][NOT_RUN] - NOT_RUN: click(findTestObject("TD2/Registration and Onboarding/Page_Onboarding/Next2"))

2020-03-19 10:42:40 - [TEST_STEP][NOT_RUN] - click(findTestObject("TD2/Registration and Onboarding/Page_Onboarding/Next2")): NOT_RUN: click(findTestObject("TD2/Registration and Onboarding/Page_Onboarding/Next2"))

2020-03-19 10:42:40 - [MESSAGE][NOT_RUN] - NOT_RUN: click(findTestObject("TD2/Registration and Onboarding/Page_Onboarding/Next2"))

2020-03-19 10:42:40 - [TEST_STEP][PASSED] - click(findTestObject("TD2/Registration and Onboarding/Page_Onboarding/span_Next")): Object: 'Object Repository/TD2/Registration and Onboarding/Page_Onboarding/span_Next' is clicked on

2020-03-19 10:42:42 - [MESSAGE][PASSED] - Object: 'Object Repository/TD2/Registration and Onboarding/Page_Onboarding/span_Next' is clicked on

2020-03-19 10:42:42 - [TEST_STEP][NOT_RUN] - click(findTestObject("TD2/Registration and Onboarding/Page_Onboarding/Next - Set up your Account")): NOT_RUN: click(findTestObject("TD2/Registration and Onboarding/Page_Onboarding/Next - Set up your Account"))

2020-03-19 10:42:42 - [MESSAGE][NOT_RUN] - NOT_RUN: click(findTestObject("TD2/Registration and Onboarding/Page_Onboarding/Next - Set up your Account"))

2020-03-19 10:42:42 - [TEST_STEP][PASSED] - click(findTestObject("TD2/Registration and Onboarding/Page_Onboarding/I dont have team")): Object: 'Object Repository/TD2/Registration and Onboarding/Page_Onboarding/I dont have team' is clicked on

2020-03-19 10:42:44 - [MESSAGE][PASSED] - Object: 'Object Repository/TD2/Registration and Onboarding/Page_Onboarding/I dont have team' is clicked on

2020-03-19 10:42:44 - [TEST_STEP][PASSED] - click(findTestObject("TD2/Registration and Onboarding/Page_Onboarding/Submit - Invite")): Object: 'Object Repository/TD2/Registration and Onboarding/Page_Onboarding/Submit - Invite' is clicked on

2020-03-19 10:42:44 - [MESSAGE][PASSED] - Object: 'Object Repository/TD2/Registration and Onboarding/Page_Onboarding/Submit - Invite' is clicked on

2020-03-19 10:42:44 - [TEST_STEP][NOT_RUN] - click(findTestObject("TD2/Registration and Onboarding/Page_Onboarding/ButtonSkip")): NOT_RUN: click(findTestObject("TD2/Registration and Onboarding/Page_Onboarding/ButtonSkip"))

2020-03-19 10:42:44 - [MESSAGE][NOT_RUN] - NOT_RUN: click(findTestObject("TD2/Registration and Onboarding/Page_Onboarding/ButtonSkip"))

2020-03-19 10:42:44 - [TEST_STEP][NOT_RUN] - selectOptionByValue(findTestObject("TD2/Registration and Onboarding/Page_Onboarding/DropdownInvite"), "0", true): NOT_RUN: selectOptionByValue(findTestObject("TD2/Registration and Onboarding/Page_Onboarding/DropdownInvite"), "0", true)

2020-03-19 10:42:44 - [MESSAGE][NOT_RUN] - NOT_RUN: selectOptionByValue(findTestObject("TD2/Registration and Onboarding/Page_Onboarding/DropdownInvite"), "0", true)

2020-03-19 10:42:44 - [TEST_STEP][NOT_RUN] - click(findTestObject("TD2/Registration and Onboarding/Page_Onboarding/span_Submit")): NOT_RUN: click(findTestObject("TD2/Registration and Onboarding/Page_Onboarding/span_Submit"))

2020-03-19 10:42:44 - [MESSAGE][NOT_RUN] - NOT_RUN: click(findTestObject("TD2/Registration and Onboarding/Page_Onboarding/span_Submit"))

2020-03-19 10:42:44 - [TEST_STEP][PASSED] - delay(10): Delayed 10 second(s)

2020-03-19 10:42:54 - [MESSAGE][PASSED] - Delayed 10 second(s)

2020-03-19 10:42:54 - [TEST_STEP][PASSED] - click(findTestObject("TD2/Registration and Onboarding/Page_Onboarding/ButtonUserMenu")): Object: 'Object Repository/TD2/Registration and Onboarding/Page_Onboarding/ButtonUserMenu' is clicked on

2020-03-19 10:42:57 - [MESSAGE][PASSED] - Object: 'Object Repository/TD2/Registration and Onboarding/Page_Onboarding/ButtonUserMenu' is clicked on

2020-03-19 10:42:57 - [TEST_STEP][PASSED] - click(findTestObject("TD2/Registration and Onboarding/Page_Onboarding/ButtonLogout")): Object: 'Object Repository/TD2/Registration and Onboarding/Page_Onboarding/ButtonLogout' is clicked on

2020-03-19 10:42:58 - [MESSAGE][PASSED] - Object: 'Object Repository/TD2/Registration and Onboarding/Page_Onboarding/ButtonLogout' is clicked on

2020-03-19 10:42:58 - [TEST_STEP][PASSED] - closeBrowser(): Browser is closed

2020-03-19 10:42:59 - [MESSAGE][PASSED] - Browser is closed]]></system-out>
         <system-err><![CDATA[]]></system-err>
      </testcase>
      <system-out><![CDATA[2020-03-19 10:41:56 - [TEST_SUITE][PASSED] - Selecting How to Start the Free Account - Visible and Silent: Test Cases/TD2/Signup and OnBoarding/Registration With Different Options for Questions Asked/Question - Yes - No - TryItFree]]></system-out>
      <system-err><![CDATA[]]></system-err>
   </testsuite>
</testsuites>
