<?xml version="1.0" encoding="UTF-8"?>
<testsuites name="Selecting How to Start the Free Account - Visible and Silent" time="42.411" tests="2" failures="0" errors="0">
   <testsuite name="Selecting How to Start the Free Account - Visible and Silent" tests="2" failures="0" errors="0" time="42.411" timestamp="2020-03-23 11:55:26" hostname="sandhyajayesh - 192.168.0.6" id="Test Suites/TD2/Registration and Onboarding/Selecting How to Start the Free Account - Visible and Silent">
      <properties>
         <property name="deviceName" value=""/>
         <property name="devicePlatform" value=""/>
         <property name="logFolder" value="/Users/sandhyajayesh/Downloads/TD2 - Till CC/Reports/20200323_115513/TD2/Registration and Onboarding/Selecting How to Start the Free Account - Visible and Silent/20200323_115513"/>
         <property name="logFiles" value="/Users/sandhyajayesh/Downloads/TD2 - Till CC/Reports/20200323_115513/TD2/Registration and Onboarding/Selecting How to Start the Free Account - Visible and Silent/20200323_115513/execution0.log"/>
         <property name="attachments" value=""/>
         <property name="hostName" value="sandhyajayesh - 192.168.0.6"/>
         <property name="os" value="Mac OS X 64bit"/>
         <property name="katalonVersion" value="7.2.6.1"/>
         <property name="browser" value="Chrome 80.0.3987.149"/>
         <property name="hostAddress" value="192.168.0.6"/>
         <property name="sessionId" value="5eb47fcfc1326da922a38f7efd4099d5"/>
         <property name="seleniumVersion" value="3.141.59"/>
         <property name="proxyInformation" value="ProxyInformation{proxyOption=NO_PROXY, proxyServerType=HTTP, password=, proxyServerAddress=, proxyServerPort=0, executionList=}"/>
         <property name="platform" value="Mac OS X"/>
      </properties>
      <testcase name="Test Cases/TD2/General/Opening Browser" time="11.188" classname="Test Cases/TD2/General/Opening Browser" status="PASSED">
         <system-out><![CDATA[2020-03-23 11:55:26 - [TEST_CASE][PASSED] - Test Cases/TD2/General/Opening Browser: Test Cases/TD2/General/Opening Browser

2020-03-23 11:55:27 - [TEST_STEP][PASSED] - openBrowser(""): Browser is opened with url: ''

2020-03-23 11:55:27 - [MESSAGE][INFO] - Starting 'Chrome' driver

2020-03-23 11:55:27 - [MESSAGE][INFO] - Action delay is set to 0 seconds

2020-03-23 11:55:30 - [MESSAGE][PASSED] - Browser is opened with url: ''

2020-03-23 11:55:30 - [TEST_STEP][PASSED] - navigateToUrl("https://2a.timedoctor.com"): Navigate to 'https://2a.timedoctor.com' successfully

2020-03-23 11:55:36 - [MESSAGE][PASSED] - Navigate to 'https://2a.timedoctor.com' successfully

2020-03-23 11:55:36 - [TEST_STEP][PASSED] - maximizeWindow(): Current window maximized

2020-03-23 11:55:37 - [MESSAGE][PASSED] - Current window maximized]]></system-out>
         <system-err><![CDATA[]]></system-err>
      </testcase>
      <testcase name="Test Cases/TD2/Signup and OnBoarding/Registration With Different Options for Questions Asked/Questions - Yes - Yes - Yes" time="30.773" classname="Test Cases/TD2/Signup and OnBoarding/Registration With Different Options for Questions Asked/Questions - Yes - Yes - Yes" status="PASSED">
         <system-out><![CDATA[2020-03-23 11:55:37 - [TEST_CASE][PASSED] - Test Cases/TD2/Signup and OnBoarding/Registration With Different Options for Questions Asked/Questions - Yes - Yes - Yes: Test Cases/TD2/Signup and OnBoarding/Registration With Different Options for Questions Asked/Questions - Yes - Yes - Yes

2020-03-23 11:55:38 - [TEST_STEP][NOT_RUN] - openBrowser(""): NOT_RUN: openBrowser("")

2020-03-23 11:55:38 - [MESSAGE][NOT_RUN] - NOT_RUN: openBrowser("")

2020-03-23 11:55:38 - [TEST_STEP][NOT_RUN] - maximizeWindow(): NOT_RUN: maximizeWindow()

2020-03-23 11:55:38 - [MESSAGE][NOT_RUN] - NOT_RUN: maximizeWindow()

2020-03-23 11:55:38 - [TEST_STEP][NOT_RUN] - navigateToUrl("www.timedoctor.com"): NOT_RUN: navigateToUrl("www.timedoctor.com")

2020-03-23 11:55:38 - [MESSAGE][NOT_RUN] - NOT_RUN: navigateToUrl("www.timedoctor.com")

2020-03-23 11:55:38 - [TEST_STEP][PASSED] - click(findTestObject("TD2/Registration and Onboarding/Page_Registration/Register Button")): Object: 'Object Repository/TD2/Registration and Onboarding/Page_Registration/Register Button' is clicked on

2020-03-23 11:55:42 - [MESSAGE][PASSED] - Object: 'Object Repository/TD2/Registration and Onboarding/Page_Registration/Register Button' is clicked on

2020-03-23 11:55:42 - [TEST_STEP][NOT_RUN] - if (verifyElementPresent(findTestObject("TD2/Registration and Onboarding/Page_Registration/WebsiteVersion"), 10, OPTIONAL)): NOT_RUN: if (verifyElementPresent(findTestObject("TD2/Registration and Onboarding/Page_Registration/WebsiteVersion"), 10, OPTIONAL))

2020-03-23 11:55:42 - [MESSAGE][NOT_RUN] - NOT_RUN: if (verifyElementPresent(findTestObject("TD2/Registration and Onboarding/Page_Registration/WebsiteVersion"), 10, OPTIONAL))

2020-03-23 11:55:42 - [TEST_STEP][PASSED] - if (verifyElementPresent(findTestObject("TD2/Registration and Onboarding/Page_Registration/ButtonYes"), 10, OPTIONAL)): null

2020-03-23 11:55:46 - [MESSAGE][PASSED] - Object 'Object Repository/TD2/Registration and Onboarding/Page_Registration/ButtonYes' is present

2020-03-23 11:55:46 - [TEST_STEP][PASSED] - click(findTestObject("TD2/Registration and Onboarding/Page_Registration/ButtonYes")): Object: 'Object Repository/TD2/Registration and Onboarding/Page_Registration/ButtonYes' is clicked on

2020-03-23 11:55:47 - [MESSAGE][PASSED] - Object: 'Object Repository/TD2/Registration and Onboarding/Page_Registration/ButtonYes' is clicked on

2020-03-23 11:55:47 - [TEST_STEP][PASSED] - click(findTestObject("TD2/Registration and Onboarding/Page_Registration/ButtonYes2")): Object: 'Object Repository/TD2/Registration and Onboarding/Page_Registration/ButtonYes2' is clicked on

2020-03-23 11:55:47 - [MESSAGE][PASSED] - Object: 'Object Repository/TD2/Registration and Onboarding/Page_Registration/ButtonYes2' is clicked on

2020-03-23 11:55:47 - [TEST_STEP][PASSED] - click(findTestObject("TD2/Registration and Onboarding/Page_Registration/ButtonYes3")): Object: 'Object Repository/TD2/Registration and Onboarding/Page_Registration/ButtonYes3' is clicked on

2020-03-23 11:55:48 - [MESSAGE][PASSED] - Object: 'Object Repository/TD2/Registration and Onboarding/Page_Registration/ButtonYes3' is clicked on

2020-03-23 11:55:48 - [TEST_STEP][PASSED] - click(findTestObject("TD2/Registration and Onboarding/Page_Registration/RadioAccountOption")): Object: 'Object Repository/TD2/Registration and Onboarding/Page_Registration/RadioAccountOption' is clicked on

2020-03-23 11:55:49 - [MESSAGE][PASSED] - Object: 'Object Repository/TD2/Registration and Onboarding/Page_Registration/RadioAccountOption' is clicked on

2020-03-23 11:55:49 - [TEST_STEP][NOT_RUN] - click(findTestObject("TD2/Registration and Onboarding/Page_Onboarding/RadioButtonVisible")): NOT_RUN: click(findTestObject("TD2/Registration and Onboarding/Page_Onboarding/RadioButtonVisible"))

2020-03-23 11:55:49 - [MESSAGE][NOT_RUN] - NOT_RUN: click(findTestObject("TD2/Registration and Onboarding/Page_Onboarding/RadioButtonVisible"))

2020-03-23 11:55:49 - [TEST_STEP][PASSED] - click(findTestObject("TD2/Registration and Onboarding/Page_Registration/ButtonContinue")): Object: 'Object Repository/TD2/Registration and Onboarding/Page_Registration/ButtonContinue' is clicked on

2020-03-23 11:55:49 - [MESSAGE][PASSED] - Object: 'Object Repository/TD2/Registration and Onboarding/Page_Registration/ButtonContinue' is clicked on

2020-03-23 11:55:49 - [TEST_STEP][PASSED] - setText(findTestObject("TD2/Registration and Onboarding/Page_Registration/InputName"), "Payal"): Text 'Payal' is set on object 'Object Repository/TD2/Registration and Onboarding/Page_Registration/InputName'

2020-03-23 11:55:50 - [MESSAGE][PASSED] - Text 'Payal' is set on object 'Object Repository/TD2/Registration and Onboarding/Page_Registration/InputName'

2020-03-23 11:55:50 - [TEST_STEP][PASSED] - driver = getWebDriver(): null

2020-03-23 11:55:50 - [TEST_STEP][PASSED] - emailAddress = "payal+" + getDateTime() + "@timedoctor.com": null

2020-03-23 11:55:50 - [TEST_STEP][PASSED] - nowDateTime = new java.text.SimpleDateFormat(yyMMddHHmmss): null

2020-03-23 11:55:50 - [TEST_STEP][PASSED] - now = new java.util.Date(): null

2020-03-23 11:55:50 - [TEST_STEP][PASSED] - strDate = nowDateTime.format(now): null

2020-03-23 11:55:50 - [TEST_STEP][PASSED] - return strDate: NOT_RUN: click(findTestObject("TD2/Registration and Onboarding/Page_Onboarding/ButtonLogout"))

2020-03-23 11:55:50 - [TEST_STEP][PASSED] - waitForElementVisible(findTestObject("TD2/Registration and Onboarding/Page_Registration/InputCompanyEmail"), 10): Object 'Object Repository/TD2/Registration and Onboarding/Page_Registration/InputCompanyEmail' is visible

2020-03-23 11:55:50 - [MESSAGE][PASSED] - Object 'Object Repository/TD2/Registration and Onboarding/Page_Registration/InputCompanyEmail' is visible

2020-03-23 11:55:50 - [TEST_STEP][PASSED] - setText(findTestObject("TD2/Registration and Onboarding/Page_Registration/InputCompanyEmail"), emailAddress): Text 'payal+200323115550@timedoctor.com' is set on object 'Object Repository/TD2/Registration and Onboarding/Page_Registration/InputCompanyEmail'

2020-03-23 11:55:51 - [MESSAGE][PASSED] - Text 'payal+200323115550@timedoctor.com' is set on object 'Object Repository/TD2/Registration and Onboarding/Page_Registration/InputCompanyEmail'

2020-03-23 11:55:51 - [TEST_STEP][PASSED] - setEncryptedText(findTestObject("TD2/Registration and Onboarding/Page_Registration/InputPassword"), "Px/nOzMEHWxU8lgHigNsmA=="): Text ****** has been set on object 'Object Repository/TD2/Registration and Onboarding/Page_Registration/InputPassword'

2020-03-23 11:55:52 - [MESSAGE][PASSED] - Text ****** has been set on object 'Object Repository/TD2/Registration and Onboarding/Page_Registration/InputPassword'

2020-03-23 11:55:52 - [TEST_STEP][PASSED] - click(findTestObject("TD2/Registration and Onboarding/Page_Registration/ButtonTestItOut")): Object: 'Object Repository/TD2/Registration and Onboarding/Page_Registration/ButtonTestItOut' is clicked on

2020-03-23 11:55:52 - [MESSAGE][PASSED] - Object: 'Object Repository/TD2/Registration and Onboarding/Page_Registration/ButtonTestItOut' is clicked on

2020-03-23 11:55:52 - [TEST_STEP][PASSED] - delay(15): Delayed 15 second(s)

2020-03-23 11:56:07 - [MESSAGE][PASSED] - Delayed 15 second(s)

2020-03-23 11:56:07 - [TEST_STEP][PASSED] - click(findTestObject("TD2/Registration and Onboarding/Registration/Page_QA - Team Dashboard/button_No I like paying full price")): Object: 'Object Repository/TD2/Registration and Onboarding/Registration/Page_QA - Team Dashboard/button_No I like paying full price' is clicked on

2020-03-23 11:56:08 - [MESSAGE][PASSED] - Object: 'Object Repository/TD2/Registration and Onboarding/Registration/Page_QA - Team Dashboard/button_No I like paying full price' is clicked on

2020-03-23 11:56:08 - [TEST_STEP][NOT_RUN] - if (verifyElementPresent(findTestObject("TD2/Registration and Onboarding/Page_Onboarding/Company Name"), 10, OPTIONAL)): NOT_RUN: if (verifyElementPresent(findTestObject("TD2/Registration and Onboarding/Page_Onboarding/Company Name"), 10, OPTIONAL))

2020-03-23 11:56:08 - [MESSAGE][NOT_RUN] - NOT_RUN: if (verifyElementPresent(findTestObject("TD2/Registration and Onboarding/Page_Onboarding/Company Name"), 10, OPTIONAL))

2020-03-23 11:56:08 - [TEST_STEP][NOT_RUN] - click(findTestObject("TD2/Registration and Onboarding/Page_Onboarding/span_Next")): NOT_RUN: click(findTestObject("TD2/Registration and Onboarding/Page_Onboarding/span_Next"))

2020-03-23 11:56:08 - [MESSAGE][NOT_RUN] - NOT_RUN: click(findTestObject("TD2/Registration and Onboarding/Page_Onboarding/span_Next"))

2020-03-23 11:56:08 - [TEST_STEP][NOT_RUN] - click(findTestObject("TD2/Registration and Onboarding/Page_Onboarding/I dont have team")): NOT_RUN: click(findTestObject("TD2/Registration and Onboarding/Page_Onboarding/I dont have team"))

2020-03-23 11:56:08 - [MESSAGE][NOT_RUN] - NOT_RUN: click(findTestObject("TD2/Registration and Onboarding/Page_Onboarding/I dont have team"))

2020-03-23 11:56:08 - [TEST_STEP][NOT_RUN] - click(findTestObject("TD2/Registration and Onboarding/Page_Onboarding/Submit - Invite")): NOT_RUN: click(findTestObject("TD2/Registration and Onboarding/Page_Onboarding/Submit - Invite"))

2020-03-23 11:56:08 - [MESSAGE][NOT_RUN] - NOT_RUN: click(findTestObject("TD2/Registration and Onboarding/Page_Onboarding/Submit - Invite"))

2020-03-23 11:56:08 - [TEST_STEP][NOT_RUN] - delay(10): NOT_RUN: delay(10)

2020-03-23 11:56:08 - [MESSAGE][NOT_RUN] - NOT_RUN: delay(10)

2020-03-23 11:56:08 - [TEST_STEP][NOT_RUN] - click(findTestObject("TD2/Registration and Onboarding/Page_Onboarding/ButtonUserMenu")): NOT_RUN: click(findTestObject("TD2/Registration and Onboarding/Page_Onboarding/ButtonUserMenu"))

2020-03-23 11:56:08 - [MESSAGE][NOT_RUN] - NOT_RUN: click(findTestObject("TD2/Registration and Onboarding/Page_Onboarding/ButtonUserMenu"))

2020-03-23 11:56:08 - [TEST_STEP][NOT_RUN] - click(findTestObject("TD2/Registration and Onboarding/Page_Onboarding/ButtonLogout")): NOT_RUN: click(findTestObject("TD2/Registration and Onboarding/Page_Onboarding/ButtonLogout"))

2020-03-23 11:56:08 - [MESSAGE][NOT_RUN] - NOT_RUN: click(findTestObject("TD2/Registration and Onboarding/Page_Onboarding/ButtonLogout"))

2020-03-23 11:56:08 - [TEST_STEP][PASSED] - closeBrowser(): Browser is closed

2020-03-23 11:56:08 - [MESSAGE][PASSED] - Browser is closed]]></system-out>
         <system-err><![CDATA[]]></system-err>
      </testcase>
      <system-out><![CDATA[2020-03-23 11:55:26 - [TEST_SUITE][PASSED] - Selecting How to Start the Free Account - Visible and Silent: Test Cases/TD2/Signup and OnBoarding/Registration With Different Options for Questions Asked/Questions - Yes - Yes - Yes]]></system-out>
      <system-err><![CDATA[]]></system-err>
   </testsuite>
</testsuites>
